mode: atomic
github.com/zeiss/knative-extension-sample-source/cmd/controller/main.go:12.13,14.2 1 0
github.com/zeiss/knative-extension-sample-source/cmd/mt_receive_adapter/main.go:12.13,17.2 3 0
github.com/zeiss/knative-extension-sample-source/cmd/receive_adapter/main.go:26.13,31.2 3 0
github.com/zeiss/knative-extension-sample-source/cmd/webhook/main.go:31.100,43.45 1 0
github.com/zeiss/knative-extension-sample-source/cmd/webhook/main.go:43.45,45.4 1 0
github.com/zeiss/knative-extension-sample-source/cmd/webhook/main.go:52.100,64.45 1 0
github.com/zeiss/knative-extension-sample-source/cmd/webhook/main.go:64.45,66.4 1 0
github.com/zeiss/knative-extension-sample-source/cmd/webhook/main.go:76.98,77.75 1 0
github.com/zeiss/knative-extension-sample-source/cmd/webhook/main.go:77.75,90.77 1 0
github.com/zeiss/knative-extension-sample-source/cmd/webhook/main.go:90.77,94.5 1 0
github.com/zeiss/knative-extension-sample-source/cmd/webhook/main.go:100.13,109.63 3 0
github.com/zeiss/knative-extension-sample-source/cmd/webhook/main.go:109.63,111.3 1 0
github.com/zeiss/knative-extension-sample-source/cmd/webhook/main.go:113.2,120.3 1 0
github.com/zeiss/knative-extension-sample-source/github/client.go:35.42,37.16 2 0
github.com/zeiss/knative-extension-sample-source/github/client.go:37.16,39.3 1 0
github.com/zeiss/knative-extension-sample-source/github/client.go:40.2,40.26 1 0
github.com/zeiss/knative-extension-sample-source/github/client.go:44.36,46.2 1 0
github.com/zeiss/knative-extension-sample-source/github/client.go:49.55,51.16 2 0
github.com/zeiss/knative-extension-sample-source/github/client.go:51.16,53.3 1 0
github.com/zeiss/knative-extension-sample-source/github/client.go:54.2,62.8 1 0
github.com/zeiss/knative-extension-sample-source/pkg/client/clientset/versioned/fake/clientset_generated.go:42.63,44.30 2 0
github.com/zeiss/knative-extension-sample-source/pkg/client/clientset/versioned/fake/clientset_generated.go:44.30,45.36 1 0
github.com/zeiss/knative-extension-sample-source/pkg/client/clientset/versioned/fake/clientset_generated.go:45.36,46.14 1 0
github.com/zeiss/knative-extension-sample-source/pkg/client/clientset/versioned/fake/clientset_generated.go:50.2,53.101 4 0
github.com/zeiss/knative-extension-sample-source/pkg/client/clientset/versioned/fake/clientset_generated.go:53.101,57.17 4 0
github.com/zeiss/knative-extension-sample-source/pkg/client/clientset/versioned/fake/clientset_generated.go:57.17,59.4 1 0
github.com/zeiss/knative-extension-sample-source/pkg/client/clientset/versioned/fake/clientset_generated.go:60.3,60.26 1 0
github.com/zeiss/knative-extension-sample-source/pkg/client/clientset/versioned/fake/clientset_generated.go:63.2,63.11 1 0
github.com/zeiss/knative-extension-sample-source/pkg/client/clientset/versioned/fake/clientset_generated.go:75.62,77.2 1 0
github.com/zeiss/knative-extension-sample-source/pkg/client/clientset/versioned/fake/clientset_generated.go:79.53,81.2 1 0
github.com/zeiss/knative-extension-sample-source/pkg/client/clientset/versioned/fake/clientset_generated.go:89.83,91.2 1 0
github.com/zeiss/knative-extension-sample-source/pkg/client/clientset/versioned/fake/clientset_generated.go:94.80,96.2 1 0
github.com/zeiss/knative-extension-sample-source/pkg/client/clientset/versioned/fake/register.go:55.13,58.2 2 0
github.com/zeiss/knative-extension-sample-source/pkg/apis/addtoscheme_serving_v1alpha1.go:21.13,24.2 1 0
github.com/zeiss/knative-extension-sample-source/pkg/apis/addtoscheme_serving_v1beta1.go:19.14,23.2 0 0
github.com/zeiss/knative-extension-sample-source/pkg/apis/addtoscheme_sources_v1alpha1.go:21.13,24.2 1 0
github.com/zeiss/knative-extension-sample-source/pkg/apis/apis.go:28.43,30.2 1 0
github.com/zeiss/knative-extension-sample-source/pkg/client/clientset/versioned/scheme/register.go:55.13,58.2 2 0
github.com/zeiss/knative-extension-sample-source/pkg/client/clientset/versioned/typed/bindings/v1alpha1/bindings_client.go:39.90,41.2 1 0
github.com/zeiss/knative-extension-sample-source/pkg/client/clientset/versioned/typed/bindings/v1alpha1/bindings_client.go:46.68,48.51 2 0
github.com/zeiss/knative-extension-sample-source/pkg/client/clientset/versioned/typed/bindings/v1alpha1/bindings_client.go:48.51,50.3 1 0
github.com/zeiss/knative-extension-sample-source/pkg/client/clientset/versioned/typed/bindings/v1alpha1/bindings_client.go:51.2,52.16 2 0
github.com/zeiss/knative-extension-sample-source/pkg/client/clientset/versioned/typed/bindings/v1alpha1/bindings_client.go:52.16,54.3 1 0
github.com/zeiss/knative-extension-sample-source/pkg/client/clientset/versioned/typed/bindings/v1alpha1/bindings_client.go:55.2,55.51 1 0
github.com/zeiss/knative-extension-sample-source/pkg/client/clientset/versioned/typed/bindings/v1alpha1/bindings_client.go:60.93,62.51 2 0
github.com/zeiss/knative-extension-sample-source/pkg/client/clientset/versioned/typed/bindings/v1alpha1/bindings_client.go:62.51,64.3 1 0
github.com/zeiss/knative-extension-sample-source/pkg/client/clientset/versioned/typed/bindings/v1alpha1/bindings_client.go:65.2,66.16 2 0
github.com/zeiss/knative-extension-sample-source/pkg/client/clientset/versioned/typed/bindings/v1alpha1/bindings_client.go:66.16,68.3 1 0
github.com/zeiss/knative-extension-sample-source/pkg/client/clientset/versioned/typed/bindings/v1alpha1/bindings_client.go:69.2,69.45 1 0
github.com/zeiss/knative-extension-sample-source/pkg/client/clientset/versioned/typed/bindings/v1alpha1/bindings_client.go:74.64,76.16 2 0
github.com/zeiss/knative-extension-sample-source/pkg/client/clientset/versioned/typed/bindings/v1alpha1/bindings_client.go:76.16,77.13 1 0
github.com/zeiss/knative-extension-sample-source/pkg/client/clientset/versioned/typed/bindings/v1alpha1/bindings_client.go:79.2,79.15 1 0
github.com/zeiss/knative-extension-sample-source/pkg/client/clientset/versioned/typed/bindings/v1alpha1/bindings_client.go:83.52,85.2 1 0
github.com/zeiss/knative-extension-sample-source/pkg/client/clientset/versioned/typed/bindings/v1alpha1/bindings_client.go:87.51,93.28 5 0
github.com/zeiss/knative-extension-sample-source/pkg/client/clientset/versioned/typed/bindings/v1alpha1/bindings_client.go:93.28,95.3 1 0
github.com/zeiss/knative-extension-sample-source/pkg/client/clientset/versioned/typed/bindings/v1alpha1/bindings_client.go:97.2,97.12 1 0
github.com/zeiss/knative-extension-sample-source/pkg/client/clientset/versioned/typed/bindings/v1alpha1/bindings_client.go:102.62,103.14 1 0
github.com/zeiss/knative-extension-sample-source/pkg/client/clientset/versioned/typed/bindings/v1alpha1/bindings_client.go:103.14,105.3 1 0
github.com/zeiss/knative-extension-sample-source/pkg/client/clientset/versioned/typed/bindings/v1alpha1/bindings_client.go:106.2,106.21 1 0
github.com/zeiss/knative-extension-sample-source/pkg/client/clientset/versioned/typed/bindings/v1alpha1/githubbinding.go:59.85,66.43 1 0
github.com/zeiss/knative-extension-sample-source/pkg/client/clientset/versioned/typed/bindings/v1alpha1/githubbinding.go:66.43,66.87 1 0
github.com/zeiss/knative-extension-sample-source/pkg/client/clientset/versioned/typed/bindings/v1alpha1/githubbinding.go:67.47,67.95 1 0
github.com/zeiss/knative-extension-sample-source/pkg/client/clientset/versioned/clientset.go:46.83,48.2 1 0
github.com/zeiss/knative-extension-sample-source/pkg/client/clientset/versioned/clientset.go:51.80,53.2 1 0
github.com/zeiss/knative-extension-sample-source/pkg/client/clientset/versioned/clientset.go:56.62,57.14 1 0
github.com/zeiss/knative-extension-sample-source/pkg/client/clientset/versioned/clientset.go:57.14,59.3 1 0
github.com/zeiss/knative-extension-sample-source/pkg/client/clientset/versioned/clientset.go:60.2,60.26 1 0
github.com/zeiss/knative-extension-sample-source/pkg/client/clientset/versioned/clientset.go:68.55,71.39 2 0
github.com/zeiss/knative-extension-sample-source/pkg/client/clientset/versioned/clientset.go:71.39,73.3 1 0
github.com/zeiss/knative-extension-sample-source/pkg/client/clientset/versioned/clientset.go:76.2,77.16 2 0
github.com/zeiss/knative-extension-sample-source/pkg/client/clientset/versioned/clientset.go:77.16,79.3 1 0
github.com/zeiss/knative-extension-sample-source/pkg/client/clientset/versioned/clientset.go:81.2,81.62 1 0
github.com/zeiss/knative-extension-sample-source/pkg/client/clientset/versioned/clientset.go:88.89,90.71 2 0
github.com/zeiss/knative-extension-sample-source/pkg/client/clientset/versioned/clientset.go:90.71,91.35 1 0
github.com/zeiss/knative-extension-sample-source/pkg/client/clientset/versioned/clientset.go:91.35,93.4 1 0
github.com/zeiss/knative-extension-sample-source/pkg/client/clientset/versioned/clientset.go:94.3,94.120 1 0
github.com/zeiss/knative-extension-sample-source/pkg/client/clientset/versioned/clientset.go:97.2,100.16 4 0
github.com/zeiss/knative-extension-sample-source/pkg/client/clientset/versioned/clientset.go:100.16,102.3 1 0
github.com/zeiss/knative-extension-sample-source/pkg/client/clientset/versioned/clientset.go:103.2,104.16 2 0
github.com/zeiss/knative-extension-sample-source/pkg/client/clientset/versioned/clientset.go:104.16,106.3 1 0
github.com/zeiss/knative-extension-sample-source/pkg/client/clientset/versioned/clientset.go:108.2,109.16 2 0
github.com/zeiss/knative-extension-sample-source/pkg/client/clientset/versioned/clientset.go:109.16,111.3 1 0
github.com/zeiss/knative-extension-sample-source/pkg/client/clientset/versioned/clientset.go:112.2,112.17 1 0
github.com/zeiss/knative-extension-sample-source/pkg/client/clientset/versioned/clientset.go:117.51,119.16 2 0
github.com/zeiss/knative-extension-sample-source/pkg/client/clientset/versioned/clientset.go:119.16,120.13 1 0
github.com/zeiss/knative-extension-sample-source/pkg/client/clientset/versioned/clientset.go:122.2,122.11 1 0
github.com/zeiss/knative-extension-sample-source/pkg/client/clientset/versioned/clientset.go:126.39,133.2 5 0
github.com/zeiss/knative-extension-sample-source/pkg/client/clientset/versioned/typed/sources/v1alpha1/githubsource.go:59.82,66.41 1 0
github.com/zeiss/knative-extension-sample-source/pkg/client/clientset/versioned/typed/sources/v1alpha1/githubsource.go:66.41,66.83 1 0
github.com/zeiss/knative-extension-sample-source/pkg/client/clientset/versioned/typed/sources/v1alpha1/githubsource.go:67.45,67.91 1 0
github.com/zeiss/knative-extension-sample-source/pkg/client/clientset/versioned/typed/sources/v1alpha1/sources_client.go:39.87,41.2 1 0
github.com/zeiss/knative-extension-sample-source/pkg/client/clientset/versioned/typed/sources/v1alpha1/sources_client.go:46.67,48.51 2 0
github.com/zeiss/knative-extension-sample-source/pkg/client/clientset/versioned/typed/sources/v1alpha1/sources_client.go:48.51,50.3 1 0
github.com/zeiss/knative-extension-sample-source/pkg/client/clientset/versioned/typed/sources/v1alpha1/sources_client.go:51.2,52.16 2 0
github.com/zeiss/knative-extension-sample-source/pkg/client/clientset/versioned/typed/sources/v1alpha1/sources_client.go:52.16,54.3 1 0
github.com/zeiss/knative-extension-sample-source/pkg/client/clientset/versioned/typed/sources/v1alpha1/sources_client.go:55.2,55.51 1 0
github.com/zeiss/knative-extension-sample-source/pkg/client/clientset/versioned/typed/sources/v1alpha1/sources_client.go:60.92,62.51 2 0
github.com/zeiss/knative-extension-sample-source/pkg/client/clientset/versioned/typed/sources/v1alpha1/sources_client.go:62.51,64.3 1 0
github.com/zeiss/knative-extension-sample-source/pkg/client/clientset/versioned/typed/sources/v1alpha1/sources_client.go:65.2,66.16 2 0
github.com/zeiss/knative-extension-sample-source/pkg/client/clientset/versioned/typed/sources/v1alpha1/sources_client.go:66.16,68.3 1 0
github.com/zeiss/knative-extension-sample-source/pkg/client/clientset/versioned/typed/sources/v1alpha1/sources_client.go:69.2,69.44 1 0
github.com/zeiss/knative-extension-sample-source/pkg/client/clientset/versioned/typed/sources/v1alpha1/sources_client.go:74.63,76.16 2 0
github.com/zeiss/knative-extension-sample-source/pkg/client/clientset/versioned/typed/sources/v1alpha1/sources_client.go:76.16,77.13 1 0
github.com/zeiss/knative-extension-sample-source/pkg/client/clientset/versioned/typed/sources/v1alpha1/sources_client.go:79.2,79.15 1 0
github.com/zeiss/knative-extension-sample-source/pkg/client/clientset/versioned/typed/sources/v1alpha1/sources_client.go:83.51,85.2 1 0
github.com/zeiss/knative-extension-sample-source/pkg/client/clientset/versioned/typed/sources/v1alpha1/sources_client.go:87.51,93.28 5 0
github.com/zeiss/knative-extension-sample-source/pkg/client/clientset/versioned/typed/sources/v1alpha1/sources_client.go:93.28,95.3 1 0
github.com/zeiss/knative-extension-sample-source/pkg/client/clientset/versioned/typed/sources/v1alpha1/sources_client.go:97.2,97.12 1 0
github.com/zeiss/knative-extension-sample-source/pkg/client/clientset/versioned/typed/sources/v1alpha1/sources_client.go:102.61,103.14 1 0
github.com/zeiss/knative-extension-sample-source/pkg/client/clientset/versioned/typed/sources/v1alpha1/sources_client.go:103.14,105.3 1 0
github.com/zeiss/knative-extension-sample-source/pkg/client/clientset/versioned/typed/sources/v1alpha1/sources_client.go:106.2,106.21 1 0
github.com/zeiss/knative-extension-sample-source/pkg/client/clientset/versioned/typed/sources/v1alpha1/fake/fake_githubsource.go:33.110,40.34 1 0
github.com/zeiss/knative-extension-sample-source/pkg/client/clientset/versioned/typed/sources/v1alpha1/fake/fake_githubsource.go:40.34,40.69 1 0
github.com/zeiss/knative-extension-sample-source/pkg/client/clientset/versioned/typed/sources/v1alpha1/fake/fake_githubsource.go:41.38,41.77 1 0
github.com/zeiss/knative-extension-sample-source/pkg/client/clientset/versioned/typed/sources/v1alpha1/fake/fake_githubsource.go:42.46,42.77 1 0
github.com/zeiss/knative-extension-sample-source/pkg/client/clientset/versioned/typed/sources/v1alpha1/fake/fake_githubsource.go:43.67,45.5 1 0
github.com/zeiss/knative-extension-sample-source/pkg/client/clientset/versioned/typed/sources/v1alpha1/fake/fake_githubsource.go:46.74,48.5 1 0
github.com/zeiss/knative-extension-sample-source/pkg/client/clientset/versioned/typed/sources/v1alpha1/fake/fake_sources_client.go:31.94,33.2 1 0
github.com/zeiss/knative-extension-sample-source/pkg/client/clientset/versioned/typed/sources/v1alpha1/fake/fake_sources_client.go:37.59,40.2 2 0
github.com/zeiss/knative-extension-sample-source/pkg/client/clientset/versioned/typed/bindings/v1alpha1/fake/fake_bindings_client.go:31.97,33.2 1 0
github.com/zeiss/knative-extension-sample-source/pkg/client/clientset/versioned/typed/bindings/v1alpha1/fake/fake_bindings_client.go:37.60,40.2 2 0
github.com/zeiss/knative-extension-sample-source/pkg/client/clientset/versioned/typed/bindings/v1alpha1/fake/fake_githubbinding.go:33.114,40.35 1 0
github.com/zeiss/knative-extension-sample-source/pkg/client/clientset/versioned/typed/bindings/v1alpha1/fake/fake_githubbinding.go:40.35,40.71 1 0
github.com/zeiss/knative-extension-sample-source/pkg/client/clientset/versioned/typed/bindings/v1alpha1/fake/fake_githubbinding.go:41.39,41.79 1 0
github.com/zeiss/knative-extension-sample-source/pkg/client/clientset/versioned/typed/bindings/v1alpha1/fake/fake_githubbinding.go:42.47,42.78 1 0
github.com/zeiss/knative-extension-sample-source/pkg/client/clientset/versioned/typed/bindings/v1alpha1/fake/fake_githubbinding.go:43.69,45.5 1 0
github.com/zeiss/knative-extension-sample-source/pkg/client/clientset/versioned/typed/bindings/v1alpha1/fake/fake_githubbinding.go:46.76,48.5 1 0
github.com/zeiss/knative-extension-sample-source/pkg/client/informers/externalversions/bindings/interface.go:39.140,41.2 1 0
github.com/zeiss/knative-extension-sample-source/pkg/client/informers/externalversions/bindings/interface.go:44.47,46.2 1 0
github.com/zeiss/knative-extension-sample-source/pkg/client/informers/externalversions/factory.go:60.92,61.69 1 0
github.com/zeiss/knative-extension-sample-source/pkg/client/informers/externalversions/factory.go:61.69,62.34 1 0
github.com/zeiss/knative-extension-sample-source/pkg/client/informers/externalversions/factory.go:62.34,64.4 1 0
github.com/zeiss/knative-extension-sample-source/pkg/client/informers/externalversions/factory.go:65.3,65.17 1 0
github.com/zeiss/knative-extension-sample-source/pkg/client/informers/externalversions/factory.go:70.106,71.69 1 0
github.com/zeiss/knative-extension-sample-source/pkg/client/informers/externalversions/factory.go:71.69,74.3 2 0
github.com/zeiss/knative-extension-sample-source/pkg/client/informers/externalversions/factory.go:78.59,79.69 1 0
github.com/zeiss/knative-extension-sample-source/pkg/client/informers/externalversions/factory.go:79.69,82.3 2 0
github.com/zeiss/knative-extension-sample-source/pkg/client/informers/externalversions/factory.go:86.72,87.69 1 0
github.com/zeiss/knative-extension-sample-source/pkg/client/informers/externalversions/factory.go:87.69,90.3 2 0
github.com/zeiss/knative-extension-sample-source/pkg/client/informers/externalversions/factory.go:94.110,96.2 1 0
github.com/zeiss/knative-extension-sample-source/pkg/client/informers/externalversions/factory.go:102.194,104.2 1 0
github.com/zeiss/knative-extension-sample-source/pkg/client/informers/externalversions/factory.go:107.154,118.30 2 0
github.com/zeiss/knative-extension-sample-source/pkg/client/informers/externalversions/factory.go:118.30,120.3 1 0
github.com/zeiss/knative-extension-sample-source/pkg/client/informers/externalversions/factory.go:122.2,122.16 1 0
github.com/zeiss/knative-extension-sample-source/pkg/client/informers/externalversions/factory.go:125.63,129.20 3 0
github.com/zeiss/knative-extension-sample-source/pkg/client/informers/externalversions/factory.go:129.20,131.3 1 0
github.com/zeiss/knative-extension-sample-source/pkg/client/informers/externalversions/factory.go:133.2,133.50 1 0
github.com/zeiss/knative-extension-sample-source/pkg/client/informers/externalversions/factory.go:133.50,134.40 1 0
github.com/zeiss/knative-extension-sample-source/pkg/client/informers/externalversions/factory.go:134.40,140.14 3 0
github.com/zeiss/knative-extension-sample-source/pkg/client/informers/externalversions/factory.go:140.14,143.5 2 0
github.com/zeiss/knative-extension-sample-source/pkg/client/informers/externalversions/factory.go:144.4,144.43 1 0
github.com/zeiss/knative-extension-sample-source/pkg/client/informers/externalversions/factory.go:149.44,156.2 4 0
github.com/zeiss/knative-extension-sample-source/pkg/client/informers/externalversions/factory.go:158.96,159.65 1 0
github.com/zeiss/knative-extension-sample-source/pkg/client/informers/externalversions/factory.go:159.65,164.51 4 0
github.com/zeiss/knative-extension-sample-source/pkg/client/informers/externalversions/factory.go:164.51,165.40 1 0
github.com/zeiss/knative-extension-sample-source/pkg/client/informers/externalversions/factory.go:165.40,167.5 1 0
github.com/zeiss/knative-extension-sample-source/pkg/client/informers/externalversions/factory.go:169.3,169.19 1 0
github.com/zeiss/knative-extension-sample-source/pkg/client/informers/externalversions/factory.go:172.2,173.46 2 0
github.com/zeiss/knative-extension-sample-source/pkg/client/informers/externalversions/factory.go:173.46,175.3 1 0
github.com/zeiss/knative-extension-sample-source/pkg/client/informers/externalversions/factory.go:176.2,176.12 1 0
github.com/zeiss/knative-extension-sample-source/pkg/client/informers/externalversions/factory.go:181.135,187.12 5 0
github.com/zeiss/knative-extension-sample-source/pkg/client/informers/externalversions/factory.go:187.12,189.3 1 0
github.com/zeiss/knative-extension-sample-source/pkg/client/informers/externalversions/factory.go:191.2,192.13 2 0
github.com/zeiss/knative-extension-sample-source/pkg/client/informers/externalversions/factory.go:192.13,194.3 1 0
github.com/zeiss/knative-extension-sample-source/pkg/client/informers/externalversions/factory.go:196.2,200.17 4 0
github.com/zeiss/knative-extension-sample-source/pkg/client/informers/externalversions/factory.go:262.63,264.2 1 0
github.com/zeiss/knative-extension-sample-source/pkg/client/informers/externalversions/factory.go:266.61,268.2 1 0
github.com/zeiss/knative-extension-sample-source/pkg/client/informers/externalversions/generic.go:43.64,45.2 1 0
github.com/zeiss/knative-extension-sample-source/pkg/client/informers/externalversions/generic.go:48.56,50.2 1 0
github.com/zeiss/knative-extension-sample-source/pkg/client/informers/externalversions/generic.go:54.108,55.18 1 0
github.com/zeiss/knative-extension-sample-source/pkg/client/informers/externalversions/generic.go:57.66,58.130 1 0
github.com/zeiss/knative-extension-sample-source/pkg/client/informers/externalversions/generic.go:61.72,62.128 1 0
github.com/zeiss/knative-extension-sample-source/pkg/client/informers/externalversions/generic.go:66.2,66.62 1 0
github.com/zeiss/knative-extension-sample-source/pkg/client/informers/externalversions/bindings/v1alpha1/githubbinding.go:51.156,53.2 1 0
github.com/zeiss/knative-extension-sample-source/pkg/client/informers/externalversions/bindings/v1alpha1/githubbinding.go:58.222,61.67 1 0
github.com/zeiss/knative-extension-sample-source/pkg/client/informers/externalversions/bindings/v1alpha1/githubbinding.go:61.67,62.32 1 0
github.com/zeiss/knative-extension-sample-source/pkg/client/informers/externalversions/bindings/v1alpha1/githubbinding.go:62.32,64.6 1 0
github.com/zeiss/knative-extension-sample-source/pkg/client/informers/externalversions/bindings/v1alpha1/githubbinding.go:65.5,65.93 1 0
github.com/zeiss/knative-extension-sample-source/pkg/client/informers/externalversions/bindings/v1alpha1/githubbinding.go:67.69,68.32 1 0
github.com/zeiss/knative-extension-sample-source/pkg/client/informers/externalversions/bindings/v1alpha1/githubbinding.go:68.32,70.6 1 0
github.com/zeiss/knative-extension-sample-source/pkg/client/informers/externalversions/bindings/v1alpha1/githubbinding.go:71.5,71.94 1 0
github.com/zeiss/knative-extension-sample-source/pkg/client/informers/externalversions/bindings/v1alpha1/githubbinding.go:80.131,82.2 1 0
github.com/zeiss/knative-extension-sample-source/pkg/client/informers/externalversions/bindings/v1alpha1/githubbinding.go:84.70,86.2 1 0
github.com/zeiss/knative-extension-sample-source/pkg/client/informers/externalversions/bindings/v1alpha1/githubbinding.go:88.79,90.2 1 0
github.com/zeiss/knative-extension-sample-source/pkg/client/informers/externalversions/bindings/v1alpha1/interface.go:38.140,40.2 1 0
github.com/zeiss/knative-extension-sample-source/pkg/client/informers/externalversions/bindings/v1alpha1/interface.go:43.58,45.2 1 0
github.com/zeiss/knative-extension-sample-source/pkg/client/informers/externalversions/sources/v1alpha1/githubsource.go:51.155,53.2 1 0
github.com/zeiss/knative-extension-sample-source/pkg/client/informers/externalversions/sources/v1alpha1/githubsource.go:58.221,61.67 1 0
github.com/zeiss/knative-extension-sample-source/pkg/client/informers/externalversions/sources/v1alpha1/githubsource.go:61.67,62.32 1 0
github.com/zeiss/knative-extension-sample-source/pkg/client/informers/externalversions/sources/v1alpha1/githubsource.go:62.32,64.6 1 0
github.com/zeiss/knative-extension-sample-source/pkg/client/informers/externalversions/sources/v1alpha1/githubsource.go:65.5,65.91 1 0
github.com/zeiss/knative-extension-sample-source/pkg/client/informers/externalversions/sources/v1alpha1/githubsource.go:67.69,68.32 1 0
github.com/zeiss/knative-extension-sample-source/pkg/client/informers/externalversions/sources/v1alpha1/githubsource.go:68.32,70.6 1 0
github.com/zeiss/knative-extension-sample-source/pkg/client/informers/externalversions/sources/v1alpha1/githubsource.go:71.5,71.92 1 0
github.com/zeiss/knative-extension-sample-source/pkg/client/informers/externalversions/sources/v1alpha1/githubsource.go:80.130,82.2 1 0
github.com/zeiss/knative-extension-sample-source/pkg/client/informers/externalversions/sources/v1alpha1/githubsource.go:84.69,86.2 1 0
github.com/zeiss/knative-extension-sample-source/pkg/client/informers/externalversions/sources/v1alpha1/githubsource.go:88.76,90.2 1 0
github.com/zeiss/knative-extension-sample-source/pkg/client/informers/externalversions/sources/v1alpha1/interface.go:38.140,40.2 1 0
github.com/zeiss/knative-extension-sample-source/pkg/client/informers/externalversions/sources/v1alpha1/interface.go:43.56,45.2 1 0
github.com/zeiss/knative-extension-sample-source/pkg/client/informers/externalversions/sources/interface.go:39.140,41.2 1 0
github.com/zeiss/knative-extension-sample-source/pkg/client/informers/externalversions/sources/interface.go:44.47,46.2 1 0
github.com/zeiss/knative-extension-sample-source/pkg/client/injection/client/client.go:30.13,32.80 2 0
github.com/zeiss/knative-extension-sample-source/pkg/client/injection/client/client.go:32.80,34.3 1 0
github.com/zeiss/knative-extension-sample-source/pkg/client/injection/client/client.go:40.82,42.2 1 0
github.com/zeiss/knative-extension-sample-source/pkg/client/injection/client/client.go:45.51,47.20 2 0
github.com/zeiss/knative-extension-sample-source/pkg/client/injection/client/client.go:47.20,48.38 1 0
github.com/zeiss/knative-extension-sample-source/pkg/client/injection/client/client.go:48.38,51.4 1 0
github.com/zeiss/knative-extension-sample-source/pkg/client/injection/client/client.go:51.9,54.4 1 0
github.com/zeiss/knative-extension-sample-source/pkg/client/injection/client/client.go:56.2,56.38 1 0
github.com/zeiss/knative-extension-sample-source/pkg/client/injection/client/fake/fake.go:32.13,34.77 2 0
github.com/zeiss/knative-extension-sample-source/pkg/client/injection/client/fake/fake.go:34.77,36.3 1 0
github.com/zeiss/knative-extension-sample-source/pkg/client/injection/client/fake/fake.go:39.72,42.2 2 0
github.com/zeiss/knative-extension-sample-source/pkg/client/injection/client/fake/fake.go:44.94,47.2 2 0
github.com/zeiss/knative-extension-sample-source/pkg/client/injection/client/fake/fake.go:50.47,52.20 2 0
github.com/zeiss/knative-extension-sample-source/pkg/client/injection/client/fake/fake.go:52.20,55.3 1 0
github.com/zeiss/knative-extension-sample-source/pkg/client/injection/client/fake/fake.go:56.2,56.34 1 0
github.com/zeiss/knative-extension-sample-source/pkg/client/injection/informers/bindings/v1alpha1/githubbinding/githubbinding.go:31.13,33.2 1 0
github.com/zeiss/knative-extension-sample-source/pkg/client/injection/informers/bindings/v1alpha1/githubbinding/githubbinding.go:38.79,42.2 3 0
github.com/zeiss/knative-extension-sample-source/pkg/client/injection/informers/bindings/v1alpha1/githubbinding/githubbinding.go:45.62,47.20 2 0
github.com/zeiss/knative-extension-sample-source/pkg/client/injection/informers/bindings/v1alpha1/githubbinding/githubbinding.go:47.20,50.3 1 0
github.com/zeiss/knative-extension-sample-source/pkg/client/injection/informers/bindings/v1alpha1/githubbinding/githubbinding.go:51.2,51.49 1 0
github.com/zeiss/knative-extension-sample-source/pkg/client/injection/informers/bindings/v1alpha1/githubbinding/fake/fake.go:32.13,34.2 1 0
github.com/zeiss/knative-extension-sample-source/pkg/client/injection/informers/bindings/v1alpha1/githubbinding/fake/fake.go:36.79,40.2 3 0
github.com/zeiss/knative-extension-sample-source/pkg/client/injection/informers/bindings/v1alpha1/githubbinding/filtered/githubbinding.go:31.13,33.2 1 0
github.com/zeiss/knative-extension-sample-source/pkg/client/injection/informers/bindings/v1alpha1/githubbinding/filtered/githubbinding.go:40.81,42.20 2 0
github.com/zeiss/knative-extension-sample-source/pkg/client/injection/informers/bindings/v1alpha1/githubbinding/filtered/githubbinding.go:42.20,45.3 1 0
github.com/zeiss/knative-extension-sample-source/pkg/client/injection/informers/bindings/v1alpha1/githubbinding/filtered/githubbinding.go:46.2,48.42 3 0
github.com/zeiss/knative-extension-sample-source/pkg/client/injection/informers/bindings/v1alpha1/githubbinding/filtered/githubbinding.go:48.42,53.3 4 0
github.com/zeiss/knative-extension-sample-source/pkg/client/injection/informers/bindings/v1alpha1/githubbinding/filtered/githubbinding.go:54.2,54.18 1 0
github.com/zeiss/knative-extension-sample-source/pkg/client/injection/informers/bindings/v1alpha1/githubbinding/filtered/githubbinding.go:58.79,60.20 2 0
github.com/zeiss/knative-extension-sample-source/pkg/client/injection/informers/bindings/v1alpha1/githubbinding/filtered/githubbinding.go:60.20,63.3 1 0
github.com/zeiss/knative-extension-sample-source/pkg/client/injection/informers/bindings/v1alpha1/githubbinding/filtered/githubbinding.go:64.2,64.49 1 0
github.com/zeiss/knative-extension-sample-source/pkg/client/injection/informers/factory/factory.go:31.13,33.2 1 0
github.com/zeiss/knative-extension-sample-source/pkg/client/injection/informers/factory/factory.go:38.63,41.38 3 0
github.com/zeiss/knative-extension-sample-source/pkg/client/injection/informers/factory/factory.go:41.38,43.3 1 0
github.com/zeiss/knative-extension-sample-source/pkg/client/injection/informers/factory/factory.go:44.2,45.101 1 0
github.com/zeiss/knative-extension-sample-source/pkg/client/injection/informers/factory/factory.go:49.70,51.20 2 0
github.com/zeiss/knative-extension-sample-source/pkg/client/injection/informers/factory/factory.go:51.20,54.3 1 0
github.com/zeiss/knative-extension-sample-source/pkg/client/injection/informers/factory/factory.go:55.2,55.57 1 0
github.com/zeiss/knative-extension-sample-source/pkg/client/injection/informers/factory/fake/fake.go:33.13,35.2 1 0
github.com/zeiss/knative-extension-sample-source/pkg/client/injection/informers/factory/fake/fake.go:37.63,40.38 3 0
github.com/zeiss/knative-extension-sample-source/pkg/client/injection/informers/factory/fake/fake.go:40.38,42.3 1 0
github.com/zeiss/knative-extension-sample-source/pkg/client/injection/informers/factory/fake/fake.go:43.2,44.101 1 0
github.com/zeiss/knative-extension-sample-source/pkg/client/injection/informers/bindings/v1alpha1/githubbinding/filtered/fake/fake.go:33.13,35.2 1 0
github.com/zeiss/knative-extension-sample-source/pkg/client/injection/informers/bindings/v1alpha1/githubbinding/filtered/fake/fake.go:37.81,39.20 2 0
github.com/zeiss/knative-extension-sample-source/pkg/client/injection/informers/bindings/v1alpha1/githubbinding/filtered/fake/fake.go:39.20,42.3 1 0
github.com/zeiss/knative-extension-sample-source/pkg/client/injection/informers/bindings/v1alpha1/githubbinding/filtered/fake/fake.go:43.2,45.42 3 0
github.com/zeiss/knative-extension-sample-source/pkg/client/injection/informers/bindings/v1alpha1/githubbinding/filtered/fake/fake.go:45.42,50.3 4 0
github.com/zeiss/knative-extension-sample-source/pkg/client/injection/informers/bindings/v1alpha1/githubbinding/filtered/fake/fake.go:51.2,51.18 1 0
github.com/zeiss/knative-extension-sample-source/pkg/client/injection/informers/factory/filtered/filtered_factory.go:32.13,34.2 1 0
github.com/zeiss/knative-extension-sample-source/pkg/client/injection/informers/factory/filtered/filtered_factory.go:43.77,45.2 1 0
github.com/zeiss/knative-extension-sample-source/pkg/client/injection/informers/factory/filtered/filtered_factory.go:47.63,50.20 3 0
github.com/zeiss/knative-extension-sample-source/pkg/client/injection/informers/factory/filtered/filtered_factory.go:50.20,53.3 1 0
github.com/zeiss/knative-extension-sample-source/pkg/client/injection/informers/factory/filtered/filtered_factory.go:54.2,55.42 2 0
github.com/zeiss/knative-extension-sample-source/pkg/client/injection/informers/factory/filtered/filtered_factory.go:55.42,58.39 3 0
github.com/zeiss/knative-extension-sample-source/pkg/client/injection/informers/factory/filtered/filtered_factory.go:58.39,60.4 1 0
github.com/zeiss/knative-extension-sample-source/pkg/client/injection/informers/factory/filtered/filtered_factory.go:61.3,61.85 1 0
github.com/zeiss/knative-extension-sample-source/pkg/client/injection/informers/factory/filtered/filtered_factory.go:61.85,63.4 1 0
github.com/zeiss/knative-extension-sample-source/pkg/client/injection/informers/factory/filtered/filtered_factory.go:64.3,65.102 1 0
github.com/zeiss/knative-extension-sample-source/pkg/client/injection/informers/factory/filtered/filtered_factory.go:67.2,67.12 1 0
github.com/zeiss/knative-extension-sample-source/pkg/client/injection/informers/factory/filtered/filtered_factory.go:71.87,73.20 2 0
github.com/zeiss/knative-extension-sample-source/pkg/client/injection/informers/factory/filtered/filtered_factory.go:73.20,76.3 1 0
github.com/zeiss/knative-extension-sample-source/pkg/client/injection/informers/factory/filtered/filtered_factory.go:77.2,77.57 1 0
github.com/zeiss/knative-extension-sample-source/pkg/client/injection/informers/factory/filtered/fake/fake_filtered_factory.go:35.13,37.2 1 0
github.com/zeiss/knative-extension-sample-source/pkg/client/injection/informers/factory/filtered/fake/fake_filtered_factory.go:39.63,42.20 3 0
github.com/zeiss/knative-extension-sample-source/pkg/client/injection/informers/factory/filtered/fake/fake_filtered_factory.go:42.20,45.3 1 0
github.com/zeiss/knative-extension-sample-source/pkg/client/injection/informers/factory/filtered/fake/fake_filtered_factory.go:46.2,47.42 2 0
github.com/zeiss/knative-extension-sample-source/pkg/client/injection/informers/factory/filtered/fake/fake_filtered_factory.go:47.42,50.39 3 0
github.com/zeiss/knative-extension-sample-source/pkg/client/injection/informers/factory/filtered/fake/fake_filtered_factory.go:50.39,52.4 1 0
github.com/zeiss/knative-extension-sample-source/pkg/client/injection/informers/factory/filtered/fake/fake_filtered_factory.go:53.3,53.85 1 0
github.com/zeiss/knative-extension-sample-source/pkg/client/injection/informers/factory/filtered/fake/fake_filtered_factory.go:53.85,55.4 1 0
github.com/zeiss/knative-extension-sample-source/pkg/client/injection/informers/factory/filtered/fake/fake_filtered_factory.go:56.3,57.102 1 0
github.com/zeiss/knative-extension-sample-source/pkg/client/injection/informers/factory/filtered/fake/fake_filtered_factory.go:59.2,59.12 1 0
github.com/zeiss/knative-extension-sample-source/pkg/client/injection/informers/sources/v1alpha1/githubsource/githubsource.go:31.13,33.2 1 0
github.com/zeiss/knative-extension-sample-source/pkg/client/injection/informers/sources/v1alpha1/githubsource/githubsource.go:38.79,42.2 3 0
github.com/zeiss/knative-extension-sample-source/pkg/client/injection/informers/sources/v1alpha1/githubsource/githubsource.go:45.61,47.20 2 0
github.com/zeiss/knative-extension-sample-source/pkg/client/injection/informers/sources/v1alpha1/githubsource/githubsource.go:47.20,50.3 1 0
github.com/zeiss/knative-extension-sample-source/pkg/client/injection/informers/sources/v1alpha1/githubsource/githubsource.go:51.2,51.48 1 0
github.com/zeiss/knative-extension-sample-source/pkg/client/injection/informers/sources/v1alpha1/githubsource/fake/fake.go:32.13,34.2 1 0
github.com/zeiss/knative-extension-sample-source/pkg/client/injection/informers/sources/v1alpha1/githubsource/fake/fake.go:36.79,40.2 3 0
github.com/zeiss/knative-extension-sample-source/pkg/client/injection/informers/sources/v1alpha1/githubsource/filtered/githubsource.go:31.13,33.2 1 0
github.com/zeiss/knative-extension-sample-source/pkg/client/injection/informers/sources/v1alpha1/githubsource/filtered/githubsource.go:40.81,42.20 2 0
github.com/zeiss/knative-extension-sample-source/pkg/client/injection/informers/sources/v1alpha1/githubsource/filtered/githubsource.go:42.20,45.3 1 0
github.com/zeiss/knative-extension-sample-source/pkg/client/injection/informers/sources/v1alpha1/githubsource/filtered/githubsource.go:46.2,48.42 3 0
github.com/zeiss/knative-extension-sample-source/pkg/client/injection/informers/sources/v1alpha1/githubsource/filtered/githubsource.go:48.42,53.3 4 0
github.com/zeiss/knative-extension-sample-source/pkg/client/injection/informers/sources/v1alpha1/githubsource/filtered/githubsource.go:54.2,54.18 1 0
github.com/zeiss/knative-extension-sample-source/pkg/client/injection/informers/sources/v1alpha1/githubsource/filtered/githubsource.go:58.78,60.20 2 0
github.com/zeiss/knative-extension-sample-source/pkg/client/injection/informers/sources/v1alpha1/githubsource/filtered/githubsource.go:60.20,63.3 1 0
github.com/zeiss/knative-extension-sample-source/pkg/client/injection/informers/sources/v1alpha1/githubsource/filtered/githubsource.go:64.2,64.48 1 0
github.com/zeiss/knative-extension-sample-source/pkg/client/injection/informers/sources/v1alpha1/githubsource/filtered/fake/fake.go:33.13,35.2 1 0
github.com/zeiss/knative-extension-sample-source/pkg/client/injection/informers/sources/v1alpha1/githubsource/filtered/fake/fake.go:37.81,39.20 2 0
github.com/zeiss/knative-extension-sample-source/pkg/client/injection/informers/sources/v1alpha1/githubsource/filtered/fake/fake.go:39.20,42.3 1 0
github.com/zeiss/knative-extension-sample-source/pkg/client/injection/informers/sources/v1alpha1/githubsource/filtered/fake/fake.go:43.2,45.42 3 0
github.com/zeiss/knative-extension-sample-source/pkg/client/injection/informers/sources/v1alpha1/githubsource/filtered/fake/fake.go:45.42,50.3 4 0
github.com/zeiss/knative-extension-sample-source/pkg/client/injection/informers/sources/v1alpha1/githubsource/filtered/fake/fake.go:51.2,51.18 1 0
github.com/zeiss/knative-extension-sample-source/pkg/client/injection/reconciler/sources/v1alpha1/githubsource/controller.go:54.101,58.25 2 0
github.com/zeiss/knative-extension-sample-source/pkg/client/injection/reconciler/sources/v1alpha1/githubsource/controller.go:58.25,60.3 1 0
github.com/zeiss/knative-extension-sample-source/pkg/client/injection/reconciler/sources/v1alpha1/githubsource/controller.go:62.2,67.48 4 0
github.com/zeiss/knative-extension-sample-source/pkg/client/injection/reconciler/sources/v1alpha1/githubsource/controller.go:67.49,67.50 0 0
github.com/zeiss/knative-extension-sample-source/pkg/client/injection/reconciler/sources/v1alpha1/githubsource/controller.go:69.2,71.102 1 0
github.com/zeiss/knative-extension-sample-source/pkg/client/injection/reconciler/sources/v1alpha1/githubsource/controller.go:71.102,77.19 3 0
github.com/zeiss/knative-extension-sample-source/pkg/client/injection/reconciler/sources/v1alpha1/githubsource/controller.go:77.19,79.6 1 0
github.com/zeiss/knative-extension-sample-source/pkg/client/injection/reconciler/sources/v1alpha1/githubsource/controller.go:80.5,80.29 1 0
github.com/zeiss/knative-extension-sample-source/pkg/client/injection/reconciler/sources/v1alpha1/githubsource/controller.go:80.29,81.34 1 0
github.com/zeiss/knative-extension-sample-source/pkg/client/injection/reconciler/sources/v1alpha1/githubsource/controller.go:81.34,82.44 1 0
github.com/zeiss/knative-extension-sample-source/pkg/client/injection/reconciler/sources/v1alpha1/githubsource/controller.go:82.44,83.16 1 0
github.com/zeiss/knative-extension-sample-source/pkg/client/injection/reconciler/sources/v1alpha1/githubsource/controller.go:86.6,89.8 1 0
github.com/zeiss/knative-extension-sample-source/pkg/client/injection/reconciler/sources/v1alpha1/githubsource/controller.go:91.5,91.15 1 0
github.com/zeiss/knative-extension-sample-source/pkg/client/injection/reconciler/sources/v1alpha1/githubsource/controller.go:100.2,113.32 7 0
github.com/zeiss/knative-extension-sample-source/pkg/client/injection/reconciler/sources/v1alpha1/githubsource/controller.go:113.32,115.30 2 0
github.com/zeiss/knative-extension-sample-source/pkg/client/injection/reconciler/sources/v1alpha1/githubsource/controller.go:115.30,117.4 1 0
github.com/zeiss/knative-extension-sample-source/pkg/client/injection/reconciler/sources/v1alpha1/githubsource/controller.go:118.3,118.31 1 0
github.com/zeiss/knative-extension-sample-source/pkg/client/injection/reconciler/sources/v1alpha1/githubsource/controller.go:118.31,120.4 1 0
github.com/zeiss/knative-extension-sample-source/pkg/client/injection/reconciler/sources/v1alpha1/githubsource/controller.go:121.3,121.27 1 0
github.com/zeiss/knative-extension-sample-source/pkg/client/injection/reconciler/sources/v1alpha1/githubsource/controller.go:121.27,123.4 1 0
github.com/zeiss/knative-extension-sample-source/pkg/client/injection/reconciler/sources/v1alpha1/githubsource/controller.go:124.3,124.29 1 0
github.com/zeiss/knative-extension-sample-source/pkg/client/injection/reconciler/sources/v1alpha1/githubsource/controller.go:124.29,126.4 1 0
github.com/zeiss/knative-extension-sample-source/pkg/client/injection/reconciler/sources/v1alpha1/githubsource/controller.go:127.3,127.29 1 0
github.com/zeiss/knative-extension-sample-source/pkg/client/injection/reconciler/sources/v1alpha1/githubsource/controller.go:127.29,129.4 1 0
github.com/zeiss/knative-extension-sample-source/pkg/client/injection/reconciler/sources/v1alpha1/githubsource/controller.go:130.3,130.36 1 0
github.com/zeiss/knative-extension-sample-source/pkg/client/injection/reconciler/sources/v1alpha1/githubsource/controller.go:130.36,132.4 1 0
github.com/zeiss/knative-extension-sample-source/pkg/client/injection/reconciler/sources/v1alpha1/githubsource/controller.go:133.3,133.30 1 0
github.com/zeiss/knative-extension-sample-source/pkg/client/injection/reconciler/sources/v1alpha1/githubsource/controller.go:133.30,135.4 1 0
github.com/zeiss/knative-extension-sample-source/pkg/client/injection/reconciler/sources/v1alpha1/githubsource/controller.go:138.2,140.13 2 0
github.com/zeiss/knative-extension-sample-source/pkg/client/injection/reconciler/sources/v1alpha1/githubsource/controller.go:143.81,147.21 3 0
github.com/zeiss/knative-extension-sample-source/pkg/client/injection/reconciler/sources/v1alpha1/githubsource/controller.go:147.21,157.13 5 0
github.com/zeiss/knative-extension-sample-source/pkg/client/injection/reconciler/sources/v1alpha1/githubsource/controller.go:157.13,159.30 2 0
github.com/zeiss/knative-extension-sample-source/pkg/client/injection/reconciler/sources/v1alpha1/githubsource/controller.go:159.30,161.5 1 0
github.com/zeiss/knative-extension-sample-source/pkg/client/injection/reconciler/sources/v1alpha1/githubsource/controller.go:165.2,165.17 1 0
github.com/zeiss/knative-extension-sample-source/pkg/client/injection/reconciler/sources/v1alpha1/githubsource/controller.go:168.13,170.2 1 0
github.com/zeiss/knative-extension-sample-source/pkg/client/injection/reconciler/sources/v1alpha1/githubsource/reconciler.go:115.236,117.22 1 0
github.com/zeiss/knative-extension-sample-source/pkg/client/injection/reconciler/sources/v1alpha1/githubsource/reconciler.go:117.22,119.3 1 0
github.com/zeiss/knative-extension-sample-source/pkg/client/injection/reconciler/sources/v1alpha1/githubsource/reconciler.go:123.2,123.45 1 0
github.com/zeiss/knative-extension-sample-source/pkg/client/injection/reconciler/sources/v1alpha1/githubsource/reconciler.go:123.45,125.3 1 0
github.com/zeiss/knative-extension-sample-source/pkg/client/injection/reconciler/sources/v1alpha1/githubsource/reconciler.go:127.2,129.102 1 0
github.com/zeiss/knative-extension-sample-source/pkg/client/injection/reconciler/sources/v1alpha1/githubsource/reconciler.go:129.102,131.19 2 0
github.com/zeiss/knative-extension-sample-source/pkg/client/injection/reconciler/sources/v1alpha1/githubsource/reconciler.go:131.19,133.6 1 0
github.com/zeiss/knative-extension-sample-source/pkg/client/injection/reconciler/sources/v1alpha1/githubsource/reconciler.go:134.5,134.29 1 0
github.com/zeiss/knative-extension-sample-source/pkg/client/injection/reconciler/sources/v1alpha1/githubsource/reconciler.go:134.29,140.6 1 0
github.com/zeiss/knative-extension-sample-source/pkg/client/injection/reconciler/sources/v1alpha1/githubsource/reconciler.go:141.5,141.15 1 0
github.com/zeiss/knative-extension-sample-source/pkg/client/injection/reconciler/sources/v1alpha1/githubsource/reconciler.go:151.2,151.31 1 0
github.com/zeiss/knative-extension-sample-source/pkg/client/injection/reconciler/sources/v1alpha1/githubsource/reconciler.go:151.31,152.30 1 0
github.com/zeiss/knative-extension-sample-source/pkg/client/injection/reconciler/sources/v1alpha1/githubsource/reconciler.go:152.30,154.4 1 0
github.com/zeiss/knative-extension-sample-source/pkg/client/injection/reconciler/sources/v1alpha1/githubsource/reconciler.go:155.3,155.31 1 0
github.com/zeiss/knative-extension-sample-source/pkg/client/injection/reconciler/sources/v1alpha1/githubsource/reconciler.go:155.31,157.4 1 0
github.com/zeiss/knative-extension-sample-source/pkg/client/injection/reconciler/sources/v1alpha1/githubsource/reconciler.go:158.3,158.29 1 0
github.com/zeiss/knative-extension-sample-source/pkg/client/injection/reconciler/sources/v1alpha1/githubsource/reconciler.go:158.29,160.4 1 0
github.com/zeiss/knative-extension-sample-source/pkg/client/injection/reconciler/sources/v1alpha1/githubsource/reconciler.go:161.3,161.29 1 0
github.com/zeiss/knative-extension-sample-source/pkg/client/injection/reconciler/sources/v1alpha1/githubsource/reconciler.go:161.29,163.4 1 0
github.com/zeiss/knative-extension-sample-source/pkg/client/injection/reconciler/sources/v1alpha1/githubsource/reconciler.go:166.2,166.12 1 0
github.com/zeiss/knative-extension-sample-source/pkg/client/injection/reconciler/sources/v1alpha1/githubsource/reconciler.go:170.75,178.16 3 0
github.com/zeiss/knative-extension-sample-source/pkg/client/injection/reconciler/sources/v1alpha1/githubsource/reconciler.go:178.16,181.3 2 0
github.com/zeiss/knative-extension-sample-source/pkg/client/injection/reconciler/sources/v1alpha1/githubsource/reconciler.go:185.2,185.32 1 0
github.com/zeiss/knative-extension-sample-source/pkg/client/injection/reconciler/sources/v1alpha1/githubsource/reconciler.go:185.32,187.3 1 0
github.com/zeiss/knative-extension-sample-source/pkg/client/injection/reconciler/sources/v1alpha1/githubsource/reconciler.go:190.2,190.26 1 0
github.com/zeiss/knative-extension-sample-source/pkg/client/injection/reconciler/sources/v1alpha1/githubsource/reconciler.go:190.26,192.3 1 0
github.com/zeiss/knative-extension-sample-source/pkg/client/injection/reconciler/sources/v1alpha1/githubsource/reconciler.go:195.2,203.28 4 0
github.com/zeiss/knative-extension-sample-source/pkg/client/injection/reconciler/sources/v1alpha1/githubsource/reconciler.go:203.28,207.67 2 0
github.com/zeiss/knative-extension-sample-source/pkg/client/injection/reconciler/sources/v1alpha1/githubsource/reconciler.go:207.67,212.4 1 0
github.com/zeiss/knative-extension-sample-source/pkg/client/injection/reconciler/sources/v1alpha1/githubsource/reconciler.go:213.3,213.13 1 0
github.com/zeiss/knative-extension-sample-source/pkg/client/injection/reconciler/sources/v1alpha1/githubsource/reconciler.go:214.8,214.23 1 0
github.com/zeiss/knative-extension-sample-source/pkg/client/injection/reconciler/sources/v1alpha1/githubsource/reconciler.go:214.23,216.3 1 0
github.com/zeiss/knative-extension-sample-source/pkg/client/injection/reconciler/sources/v1alpha1/githubsource/reconciler.go:219.2,226.14 5 0
github.com/zeiss/knative-extension-sample-source/pkg/client/injection/reconciler/sources/v1alpha1/githubsource/reconciler.go:227.34,230.75 1 0
github.com/zeiss/knative-extension-sample-source/pkg/client/injection/reconciler/sources/v1alpha1/githubsource/reconciler.go:230.75,232.4 1 0
github.com/zeiss/knative-extension-sample-source/pkg/client/injection/reconciler/sources/v1alpha1/githubsource/reconciler.go:234.3,234.27 1 0
github.com/zeiss/knative-extension-sample-source/pkg/client/injection/reconciler/sources/v1alpha1/githubsource/reconciler.go:234.27,236.4 1 0
github.com/zeiss/knative-extension-sample-source/pkg/client/injection/reconciler/sources/v1alpha1/githubsource/reconciler.go:240.3,242.27 2 0
github.com/zeiss/knative-extension-sample-source/pkg/client/injection/reconciler/sources/v1alpha1/githubsource/reconciler.go:242.27,244.4 1 0
github.com/zeiss/knative-extension-sample-source/pkg/client/injection/reconciler/sources/v1alpha1/githubsource/reconciler.go:246.33,251.82 2 0
github.com/zeiss/knative-extension-sample-source/pkg/client/injection/reconciler/sources/v1alpha1/githubsource/reconciler.go:251.82,253.4 1 0
github.com/zeiss/knative-extension-sample-source/pkg/client/injection/reconciler/sources/v1alpha1/githubsource/reconciler.go:255.32,257.37 1 0
github.com/zeiss/knative-extension-sample-source/pkg/client/injection/reconciler/sources/v1alpha1/githubsource/reconciler.go:262.2,262.9 1 0
github.com/zeiss/knative-extension-sample-source/pkg/client/injection/reconciler/sources/v1alpha1/githubsource/reconciler.go:263.27,263.27 0 0
github.com/zeiss/knative-extension-sample-source/pkg/client/injection/reconciler/sources/v1alpha1/githubsource/reconciler.go:266.69,266.69 0 0
github.com/zeiss/knative-extension-sample-source/pkg/client/injection/reconciler/sources/v1alpha1/githubsource/reconciler.go:271.19,274.63 1 0
github.com/zeiss/knative-extension-sample-source/pkg/client/injection/reconciler/sources/v1alpha1/githubsource/reconciler.go:275.10,276.72 1 0
github.com/zeiss/knative-extension-sample-source/pkg/client/injection/reconciler/sources/v1alpha1/githubsource/reconciler.go:276.72,281.4 3 0
github.com/zeiss/knative-extension-sample-source/pkg/client/injection/reconciler/sources/v1alpha1/githubsource/reconciler.go:285.2,285.27 1 0
github.com/zeiss/knative-extension-sample-source/pkg/client/injection/reconciler/sources/v1alpha1/githubsource/reconciler.go:285.27,287.49 2 0
github.com/zeiss/knative-extension-sample-source/pkg/client/injection/reconciler/sources/v1alpha1/githubsource/reconciler.go:287.49,292.76 3 0
github.com/zeiss/knative-extension-sample-source/pkg/client/injection/reconciler/sources/v1alpha1/githubsource/reconciler.go:292.76,294.5 1 0
github.com/zeiss/knative-extension-sample-source/pkg/client/injection/reconciler/sources/v1alpha1/githubsource/reconciler.go:295.4,295.14 1 0
github.com/zeiss/knative-extension-sample-source/pkg/client/injection/reconciler/sources/v1alpha1/githubsource/reconciler.go:298.3,298.43 1 0
github.com/zeiss/knative-extension-sample-source/pkg/client/injection/reconciler/sources/v1alpha1/githubsource/reconciler.go:298.44,300.4 0 0
github.com/zeiss/knative-extension-sample-source/pkg/client/injection/reconciler/sources/v1alpha1/githubsource/reconciler.go:300.9,300.66 1 0
github.com/zeiss/knative-extension-sample-source/pkg/client/injection/reconciler/sources/v1alpha1/githubsource/reconciler.go:300.67,302.4 0 0
github.com/zeiss/knative-extension-sample-source/pkg/client/injection/reconciler/sources/v1alpha1/githubsource/reconciler.go:302.9,305.4 2 0
github.com/zeiss/knative-extension-sample-source/pkg/client/injection/reconciler/sources/v1alpha1/githubsource/reconciler.go:306.3,306.24 1 0
github.com/zeiss/knative-extension-sample-source/pkg/client/injection/reconciler/sources/v1alpha1/githubsource/reconciler.go:309.2,309.12 1 0
github.com/zeiss/knative-extension-sample-source/pkg/client/injection/reconciler/sources/v1alpha1/githubsource/reconciler.go:312.158,314.72 2 0
github.com/zeiss/knative-extension-sample-source/pkg/client/injection/reconciler/sources/v1alpha1/githubsource/reconciler.go:314.72,316.19 1 0
github.com/zeiss/knative-extension-sample-source/pkg/client/injection/reconciler/sources/v1alpha1/githubsource/reconciler.go:316.19,321.18 3 0
github.com/zeiss/knative-extension-sample-source/pkg/client/injection/reconciler/sources/v1alpha1/githubsource/reconciler.go:321.18,323.5 1 0
github.com/zeiss/knative-extension-sample-source/pkg/client/injection/reconciler/sources/v1alpha1/githubsource/reconciler.go:327.3,327.67 1 0
github.com/zeiss/knative-extension-sample-source/pkg/client/injection/reconciler/sources/v1alpha1/githubsource/reconciler.go:327.67,329.4 1 0
github.com/zeiss/knative-extension-sample-source/pkg/client/injection/reconciler/sources/v1alpha1/githubsource/reconciler.go:331.3,331.58 1 0
github.com/zeiss/knative-extension-sample-source/pkg/client/injection/reconciler/sources/v1alpha1/githubsource/reconciler.go:331.58,332.92 1 0
github.com/zeiss/knative-extension-sample-source/pkg/client/injection/reconciler/sources/v1alpha1/githubsource/reconciler.go:332.92,334.5 1 0
github.com/zeiss/knative-extension-sample-source/pkg/client/injection/reconciler/sources/v1alpha1/githubsource/reconciler.go:337.3,342.13 4 0
github.com/zeiss/knative-extension-sample-source/pkg/client/injection/reconciler/sources/v1alpha1/githubsource/reconciler.go:349.173,358.44 4 0
github.com/zeiss/knative-extension-sample-source/pkg/client/injection/reconciler/sources/v1alpha1/githubsource/reconciler.go:358.44,359.46 1 0
github.com/zeiss/knative-extension-sample-source/pkg/client/injection/reconciler/sources/v1alpha1/githubsource/reconciler.go:359.46,362.4 1 0
github.com/zeiss/knative-extension-sample-source/pkg/client/injection/reconciler/sources/v1alpha1/githubsource/reconciler.go:364.3,364.60 1 0
github.com/zeiss/knative-extension-sample-source/pkg/client/injection/reconciler/sources/v1alpha1/githubsource/reconciler.go:365.8,366.47 1 0
github.com/zeiss/knative-extension-sample-source/pkg/client/injection/reconciler/sources/v1alpha1/githubsource/reconciler.go:366.47,369.4 1 0
github.com/zeiss/knative-extension-sample-source/pkg/client/injection/reconciler/sources/v1alpha1/githubsource/reconciler.go:371.3,372.45 2 0
github.com/zeiss/knative-extension-sample-source/pkg/client/injection/reconciler/sources/v1alpha1/githubsource/reconciler.go:375.2,383.16 3 0
github.com/zeiss/knative-extension-sample-source/pkg/client/injection/reconciler/sources/v1alpha1/githubsource/reconciler.go:383.16,385.3 1 0
github.com/zeiss/knative-extension-sample-source/pkg/client/injection/reconciler/sources/v1alpha1/githubsource/reconciler.go:387.2,391.16 4 0
github.com/zeiss/knative-extension-sample-source/pkg/client/injection/reconciler/sources/v1alpha1/githubsource/reconciler.go:391.16,394.3 1 0
github.com/zeiss/knative-extension-sample-source/pkg/client/injection/reconciler/sources/v1alpha1/githubsource/reconciler.go:394.8,397.3 1 0
github.com/zeiss/knative-extension-sample-source/pkg/client/injection/reconciler/sources/v1alpha1/githubsource/reconciler.go:398.2,398.21 1 0
github.com/zeiss/knative-extension-sample-source/pkg/client/injection/reconciler/sources/v1alpha1/githubsource/reconciler.go:401.136,402.44 1 0
github.com/zeiss/knative-extension-sample-source/pkg/client/injection/reconciler/sources/v1alpha1/githubsource/reconciler.go:402.44,404.3 1 0
github.com/zeiss/knative-extension-sample-source/pkg/client/injection/reconciler/sources/v1alpha1/githubsource/reconciler.go:406.2,409.46 2 0
github.com/zeiss/knative-extension-sample-source/pkg/client/injection/reconciler/sources/v1alpha1/githubsource/reconciler.go:409.46,411.3 1 0
github.com/zeiss/knative-extension-sample-source/pkg/client/injection/reconciler/sources/v1alpha1/githubsource/reconciler.go:414.2,414.62 1 0
github.com/zeiss/knative-extension-sample-source/pkg/client/injection/reconciler/sources/v1alpha1/githubsource/reconciler.go:417.160,418.44 1 0
github.com/zeiss/knative-extension-sample-source/pkg/client/injection/reconciler/sources/v1alpha1/githubsource/reconciler.go:418.44,420.3 1 0
github.com/zeiss/knative-extension-sample-source/pkg/client/injection/reconciler/sources/v1alpha1/githubsource/reconciler.go:421.2,421.46 1 0
github.com/zeiss/knative-extension-sample-source/pkg/client/injection/reconciler/sources/v1alpha1/githubsource/reconciler.go:421.46,423.3 1 0
github.com/zeiss/knative-extension-sample-source/pkg/client/injection/reconciler/sources/v1alpha1/githubsource/reconciler.go:425.2,427.27 2 0
github.com/zeiss/knative-extension-sample-source/pkg/client/injection/reconciler/sources/v1alpha1/githubsource/reconciler.go:427.27,429.49 2 0
github.com/zeiss/knative-extension-sample-source/pkg/client/injection/reconciler/sources/v1alpha1/githubsource/reconciler.go:429.49,430.45 1 0
github.com/zeiss/knative-extension-sample-source/pkg/client/injection/reconciler/sources/v1alpha1/githubsource/reconciler.go:430.45,432.5 1 0
github.com/zeiss/knative-extension-sample-source/pkg/client/injection/reconciler/sources/v1alpha1/githubsource/reconciler.go:434.8,436.3 1 0
github.com/zeiss/knative-extension-sample-source/pkg/client/injection/reconciler/sources/v1alpha1/githubsource/reconciler.go:439.2,439.62 1 0
github.com/zeiss/knative-extension-sample-source/pkg/client/injection/reconciler/sources/v1alpha1/githubsource/state.go:48.62,51.16 2 0
github.com/zeiss/knative-extension-sample-source/pkg/client/injection/reconciler/sources/v1alpha1/githubsource/state.go:51.16,53.3 1 0
github.com/zeiss/knative-extension-sample-source/pkg/client/injection/reconciler/sources/v1alpha1/githubsource/state.go:55.2,70.8 3 0
github.com/zeiss/knative-extension-sample-source/pkg/client/injection/reconciler/sources/v1alpha1/githubsource/state.go:77.47,78.29 1 0
github.com/zeiss/knative-extension-sample-source/pkg/client/injection/reconciler/sources/v1alpha1/githubsource/state.go:78.29,82.3 1 0
github.com/zeiss/knative-extension-sample-source/pkg/client/injection/reconciler/sources/v1alpha1/githubsource/state.go:83.2,83.14 1 0
github.com/zeiss/knative-extension-sample-source/pkg/client/injection/reconciler/sources/v1alpha1/githubsource/state.go:86.84,87.39 1 0
github.com/zeiss/knative-extension-sample-source/pkg/client/injection/reconciler/sources/v1alpha1/githubsource/state.go:87.39,88.17 1 0
github.com/zeiss/knative-extension-sample-source/pkg/client/injection/reconciler/sources/v1alpha1/githubsource/state.go:88.17,90.4 1 0
github.com/zeiss/knative-extension-sample-source/pkg/client/injection/reconciler/sources/v1alpha1/githubsource/state.go:90.9,90.21 1 0
github.com/zeiss/knative-extension-sample-source/pkg/client/injection/reconciler/sources/v1alpha1/githubsource/state.go:90.21,92.4 1 0
github.com/zeiss/knative-extension-sample-source/pkg/client/injection/reconciler/sources/v1alpha1/githubsource/state.go:93.8,93.66 1 0
github.com/zeiss/knative-extension-sample-source/pkg/client/injection/reconciler/sources/v1alpha1/githubsource/state.go:93.66,95.3 1 0
github.com/zeiss/knative-extension-sample-source/pkg/client/injection/reconciler/sources/v1alpha1/githubsource/state.go:96.2,96.23 1 0
github.com/zeiss/knative-extension-sample-source/pkg/client/listers/bindings/v1alpha1/githubbinding.go:45.72,47.2 1 0
github.com/zeiss/knative-extension-sample-source/pkg/client/listers/bindings/v1alpha1/githubbinding.go:50.93,52.2 1 0
github.com/zeiss/knative-extension-sample-source/pkg/common/events.go:75.145,81.21 4 0
github.com/zeiss/knative-extension-sample-source/pkg/common/events.go:82.24,84.47 2 0
github.com/zeiss/knative-extension-sample-source/pkg/common/events.go:84.47,91.4 5 0
github.com/zeiss/knative-extension-sample-source/pkg/common/events.go:92.26,94.49 2 0
github.com/zeiss/knative-extension-sample-source/pkg/common/events.go:94.49,101.4 5 0
github.com/zeiss/knative-extension-sample-source/pkg/common/events.go:102.29,104.52 2 0
github.com/zeiss/knative-extension-sample-source/pkg/common/events.go:104.52,113.4 5 0
github.com/zeiss/knative-extension-sample-source/pkg/common/events.go:114.22,116.45 2 0
github.com/zeiss/knative-extension-sample-source/pkg/common/events.go:116.45,125.4 5 0
github.com/zeiss/knative-extension-sample-source/pkg/common/events.go:126.22,128.45 2 0
github.com/zeiss/knative-extension-sample-source/pkg/common/events.go:128.45,137.4 5 0
github.com/zeiss/knative-extension-sample-source/pkg/common/events.go:138.26,140.49 2 0
github.com/zeiss/knative-extension-sample-source/pkg/common/events.go:140.49,146.4 4 0
github.com/zeiss/knative-extension-sample-source/pkg/common/events.go:147.32,149.55 2 0
github.com/zeiss/knative-extension-sample-source/pkg/common/events.go:149.55,155.4 4 0
github.com/zeiss/knative-extension-sample-source/pkg/common/events.go:156.20,158.43 2 0
github.com/zeiss/knative-extension-sample-source/pkg/common/events.go:158.43,164.4 4 0
github.com/zeiss/knative-extension-sample-source/pkg/common/events.go:165.22,167.45 2 0
github.com/zeiss/knative-extension-sample-source/pkg/common/events.go:167.45,171.33 2 0
github.com/zeiss/knative-extension-sample-source/pkg/common/events.go:171.33,173.5 1 0
github.com/zeiss/knative-extension-sample-source/pkg/common/events.go:174.4,178.35 4 0
github.com/zeiss/knative-extension-sample-source/pkg/common/events.go:180.61,182.51 2 0
github.com/zeiss/knative-extension-sample-source/pkg/common/events.go:182.51,187.4 4 0
github.com/zeiss/knative-extension-sample-source/pkg/common/events.go:188.85,190.63 2 0
github.com/zeiss/knative-extension-sample-source/pkg/common/events.go:190.63,195.4 4 0
github.com/zeiss/knative-extension-sample-source/pkg/common/events.go:196.28,198.51 2 0
github.com/zeiss/knative-extension-sample-source/pkg/common/events.go:198.51,207.4 5 0
github.com/zeiss/knative-extension-sample-source/pkg/common/events.go:208.22,210.45 2 0
github.com/zeiss/knative-extension-sample-source/pkg/common/events.go:210.45,218.22 6 0
github.com/zeiss/knative-extension-sample-source/pkg/common/events.go:218.22,220.5 1 0
github.com/zeiss/knative-extension-sample-source/pkg/common/events.go:221.4,221.25 1 0
github.com/zeiss/knative-extension-sample-source/pkg/common/events.go:221.25,223.5 1 0
github.com/zeiss/knative-extension-sample-source/pkg/common/events.go:225.21,227.44 2 0
github.com/zeiss/knative-extension-sample-source/pkg/common/events.go:227.44,237.4 6 0
github.com/zeiss/knative-extension-sample-source/pkg/common/events.go:238.22,240.45 2 0
github.com/zeiss/knative-extension-sample-source/pkg/common/events.go:240.45,247.4 5 0
github.com/zeiss/knative-extension-sample-source/pkg/common/events.go:248.26,250.49 2 0
github.com/zeiss/knative-extension-sample-source/pkg/common/events.go:250.49,257.4 5 0
github.com/zeiss/knative-extension-sample-source/pkg/common/events.go:258.25,260.48 2 0
github.com/zeiss/knative-extension-sample-source/pkg/common/events.go:260.48,267.4 5 0
github.com/zeiss/knative-extension-sample-source/pkg/common/events.go:268.28,270.51 2 0
github.com/zeiss/knative-extension-sample-source/pkg/common/events.go:270.51,277.4 4 0
github.com/zeiss/knative-extension-sample-source/pkg/common/events.go:278.24,280.47 2 0
github.com/zeiss/knative-extension-sample-source/pkg/common/events.go:280.47,287.4 4 0
github.com/zeiss/knative-extension-sample-source/pkg/common/events.go:288.25,290.48 2 0
github.com/zeiss/knative-extension-sample-source/pkg/common/events.go:290.48,296.4 4 0
github.com/zeiss/knative-extension-sample-source/pkg/common/events.go:297.20,299.43 2 0
github.com/zeiss/knative-extension-sample-source/pkg/common/events.go:299.43,304.4 4 0
github.com/zeiss/knative-extension-sample-source/pkg/common/events.go:305.27,307.50 2 0
github.com/zeiss/knative-extension-sample-source/pkg/common/events.go:307.50,315.4 5 0
github.com/zeiss/knative-extension-sample-source/pkg/common/events.go:316.29,318.52 2 0
github.com/zeiss/knative-extension-sample-source/pkg/common/events.go:318.52,326.4 5 0
github.com/zeiss/knative-extension-sample-source/pkg/common/events.go:327.23,329.46 2 0
github.com/zeiss/knative-extension-sample-source/pkg/common/events.go:329.46,337.4 5 0
github.com/zeiss/knative-extension-sample-source/pkg/common/events.go:338.22,340.45 2 0
github.com/zeiss/knative-extension-sample-source/pkg/common/events.go:340.45,346.4 4 0
github.com/zeiss/knative-extension-sample-source/pkg/common/events.go:347.27,349.50 2 0
github.com/zeiss/knative-extension-sample-source/pkg/common/events.go:349.50,361.25 9 0
github.com/zeiss/knative-extension-sample-source/pkg/common/events.go:361.25,363.5 1 0
github.com/zeiss/knative-extension-sample-source/pkg/common/events.go:365.40,367.63 2 0
github.com/zeiss/knative-extension-sample-source/pkg/common/events.go:367.63,374.4 6 0
github.com/zeiss/knative-extension-sample-source/pkg/common/events.go:375.33,377.56 2 0
github.com/zeiss/knative-extension-sample-source/pkg/common/events.go:377.56,387.4 7 0
github.com/zeiss/knative-extension-sample-source/pkg/common/events.go:388.20,390.43 2 0
github.com/zeiss/knative-extension-sample-source/pkg/common/events.go:390.43,404.4 10 0
github.com/zeiss/knative-extension-sample-source/pkg/common/events.go:405.23,407.46 2 0
github.com/zeiss/knative-extension-sample-source/pkg/common/events.go:407.46,415.4 7 0
github.com/zeiss/knative-extension-sample-source/pkg/common/events.go:416.26,418.49 2 0
github.com/zeiss/knative-extension-sample-source/pkg/common/events.go:418.49,425.4 5 0
github.com/zeiss/knative-extension-sample-source/pkg/common/events.go:426.44,428.67 2 0
github.com/zeiss/knative-extension-sample-source/pkg/common/events.go:428.67,431.4 2 0
github.com/zeiss/knative-extension-sample-source/pkg/common/events.go:432.32,434.55 2 0
github.com/zeiss/knative-extension-sample-source/pkg/common/events.go:434.55,437.4 2 0
github.com/zeiss/knative-extension-sample-source/pkg/common/events.go:438.22,440.45 2 0
github.com/zeiss/knative-extension-sample-source/pkg/common/events.go:440.45,450.4 7 0
github.com/zeiss/knative-extension-sample-source/pkg/common/events.go:451.20,453.43 2 0
github.com/zeiss/knative-extension-sample-source/pkg/common/events.go:453.43,458.4 3 0
github.com/zeiss/knative-extension-sample-source/pkg/common/events.go:459.23,461.46 2 0
github.com/zeiss/knative-extension-sample-source/pkg/common/events.go:461.46,467.4 4 0
github.com/zeiss/knative-extension-sample-source/pkg/common/events.go:468.21,470.44 2 0
github.com/zeiss/knative-extension-sample-source/pkg/common/events.go:470.44,477.4 5 0
github.com/zeiss/knative-extension-sample-source/pkg/common/events.go:479.2,479.9 1 0
github.com/zeiss/knative-extension-sample-source/pkg/common/events.go:479.9,481.3 1 0
github.com/zeiss/knative-extension-sample-source/pkg/common/events.go:481.8,481.26 1 0
github.com/zeiss/knative-extension-sample-source/pkg/common/events.go:481.26,483.3 1 0
github.com/zeiss/knative-extension-sample-source/pkg/common/events.go:484.2,484.22 1 0
github.com/zeiss/knative-extension-sample-source/pkg/common/events.go:487.41,490.17 3 0
github.com/zeiss/knative-extension-sample-source/pkg/common/events.go:490.17,493.3 1 0
github.com/zeiss/knative-extension-sample-source/pkg/common/events.go:494.2,494.16 1 0
github.com/zeiss/knative-extension-sample-source/pkg/common/handler.go:42.119,52.2 3 0
github.com/zeiss/knative-extension-sample-source/pkg/common/handler.go:54.69,56.16 2 0
github.com/zeiss/knative-extension-sample-source/pkg/common/handler.go:56.16,57.33 1 0
github.com/zeiss/knative-extension-sample-source/pkg/common/handler.go:57.33,61.4 3 0
github.com/zeiss/knative-extension-sample-source/pkg/common/handler.go:62.3,64.9 3 0
github.com/zeiss/knative-extension-sample-source/pkg/common/handler.go:67.2,68.24 2 0
github.com/zeiss/knative-extension-sample-source/pkg/common/handler.go:68.24,70.3 1 0
github.com/zeiss/knative-extension-sample-source/pkg/common/handler.go:72.2,73.16 2 0
github.com/zeiss/knative-extension-sample-source/pkg/common/handler.go:73.16,78.3 4 0
github.com/zeiss/knative-extension-sample-source/pkg/common/handler.go:79.2,81.29 3 0
github.com/zeiss/knative-extension-sample-source/pkg/common/handler.go:84.96,86.27 2 0
github.com/zeiss/knative-extension-sample-source/pkg/common/handler.go:86.27,88.3 1 0
github.com/zeiss/knative-extension-sample-source/pkg/common/handler.go:89.2,90.19 2 0
github.com/zeiss/knative-extension-sample-source/pkg/common/handler.go:90.19,92.3 1 0
github.com/zeiss/knative-extension-sample-source/pkg/common/handler.go:94.2,104.31 9 0
github.com/zeiss/knative-extension-sample-source/pkg/common/handler.go:104.31,106.3 1 0
github.com/zeiss/knative-extension-sample-source/pkg/common/handler.go:108.2,108.76 1 0
github.com/zeiss/knative-extension-sample-source/pkg/common/handler.go:108.76,110.3 1 0
github.com/zeiss/knative-extension-sample-source/pkg/common/handler.go:112.2,113.32 2 0
github.com/zeiss/knative-extension-sample-source/pkg/common/handler.go:113.32,115.3 1 0
github.com/zeiss/knative-extension-sample-source/pkg/common/handler.go:116.2,116.12 1 0
github.com/zeiss/knative-extension-sample-source/pkg/common/handler.go:120.113,128.45 6 0
github.com/zeiss/knative-extension-sample-source/pkg/common/handler.go:128.45,130.3 1 0
github.com/zeiss/knative-extension-sample-source/pkg/common/handler.go:131.2,131.13 1 0
github.com/zeiss/knative-extension-sample-source/pkg/common/secret.go:31.125,32.16 1 0
github.com/zeiss/knative-extension-sample-source/pkg/common/secret.go:32.16,34.3 1 0
github.com/zeiss/knative-extension-sample-source/pkg/common/secret.go:36.2,37.16 2 0
github.com/zeiss/knative-extension-sample-source/pkg/common/secret.go:37.16,39.3 1 0
github.com/zeiss/knative-extension-sample-source/pkg/common/secret.go:41.2,42.9 2 0
github.com/zeiss/knative-extension-sample-source/pkg/common/secret.go:42.9,44.3 1 0
github.com/zeiss/knative-extension-sample-source/pkg/common/secret.go:46.2,46.31 1 0
github.com/zeiss/knative-extension-sample-source/pkg/client/listers/sources/v1alpha1/githubsource.go:45.70,47.2 1 0
github.com/zeiss/knative-extension-sample-source/pkg/client/listers/sources/v1alpha1/githubsource.go:50.90,52.2 1 0
github.com/zeiss/knative-extension-sample-source/pkg/apis/bindings/v1alpha1/githubbinding_defaults.go:24.59,25.37 1 2
github.com/zeiss/knative-extension-sample-source/pkg/apis/bindings/v1alpha1/githubbinding_defaults.go:25.37,28.3 1 1
github.com/zeiss/knative-extension-sample-source/pkg/apis/bindings/v1alpha1/githubbinding_lifecycle.go:36.71,38.2 1 2
github.com/zeiss/knative-extension-sample-source/pkg/apis/bindings/v1alpha1/githubbinding_lifecycle.go:41.54,43.2 1 1
github.com/zeiss/knative-extension-sample-source/pkg/apis/bindings/v1alpha1/githubbinding_lifecycle.go:46.57,48.2 1 1
github.com/zeiss/knative-extension-sample-source/pkg/apis/bindings/v1alpha1/githubbinding_lifecycle.go:51.65,53.2 1 2
github.com/zeiss/knative-extension-sample-source/pkg/apis/bindings/v1alpha1/githubbinding_lifecycle.go:56.66,58.2 1 1
github.com/zeiss/knative-extension-sample-source/pkg/apis/bindings/v1alpha1/githubbinding_lifecycle.go:62.56,64.2 1 3
github.com/zeiss/knative-extension-sample-source/pkg/apis/bindings/v1alpha1/githubbinding_lifecycle.go:68.80,70.2 1 1
github.com/zeiss/knative-extension-sample-source/pkg/apis/bindings/v1alpha1/githubbinding_lifecycle.go:73.56,75.2 1 1
github.com/zeiss/knative-extension-sample-source/pkg/apis/bindings/v1alpha1/githubbinding_lifecycle.go:78.70,104.37 6 3
github.com/zeiss/knative-extension-sample-source/pkg/apis/bindings/v1alpha1/githubbinding_lifecycle.go:104.37,106.3 1 1
github.com/zeiss/knative-extension-sample-source/pkg/apis/bindings/v1alpha1/githubbinding_lifecycle.go:107.2,107.33 1 3
github.com/zeiss/knative-extension-sample-source/pkg/apis/bindings/v1alpha1/githubbinding_lifecycle.go:107.33,109.3 1 4
github.com/zeiss/knative-extension-sample-source/pkg/apis/bindings/v1alpha1/githubbinding_lifecycle.go:112.72,116.33 2 5
github.com/zeiss/knative-extension-sample-source/pkg/apis/bindings/v1alpha1/githubbinding_lifecycle.go:116.33,117.34 1 2
github.com/zeiss/knative-extension-sample-source/pkg/apis/bindings/v1alpha1/githubbinding_lifecycle.go:117.34,119.9 2 2
github.com/zeiss/knative-extension-sample-source/pkg/apis/bindings/v1alpha1/githubbinding_lifecycle.go:124.2,124.40 1 5
github.com/zeiss/knative-extension-sample-source/pkg/apis/bindings/v1alpha1/githubbinding_lifecycle.go:124.40,125.37 1 2
github.com/zeiss/knative-extension-sample-source/pkg/apis/bindings/v1alpha1/githubbinding_lifecycle.go:125.37,126.36 1 0
github.com/zeiss/knative-extension-sample-source/pkg/apis/bindings/v1alpha1/githubbinding_lifecycle.go:126.36,128.10 2 0
github.com/zeiss/knative-extension-sample-source/pkg/apis/bindings/v1alpha1/githubbinding_lifecycle.go:133.2,133.36 1 5
github.com/zeiss/knative-extension-sample-source/pkg/apis/bindings/v1alpha1/githubbinding_lifecycle.go:133.36,134.37 1 7
github.com/zeiss/knative-extension-sample-source/pkg/apis/bindings/v1alpha1/githubbinding_lifecycle.go:134.37,135.36 1 2
github.com/zeiss/knative-extension-sample-source/pkg/apis/bindings/v1alpha1/githubbinding_lifecycle.go:135.36,137.10 2 2
github.com/zeiss/knative-extension-sample-source/pkg/apis/bindings/v1alpha1/githubbinding_validation.go:26.73,28.82 2 4
github.com/zeiss/knative-extension-sample-source/pkg/apis/bindings/v1alpha1/githubbinding_validation.go:28.82,30.3 1 1
github.com/zeiss/knative-extension-sample-source/pkg/apis/bindings/v1alpha1/githubbinding_validation.go:31.2,31.12 1 4
github.com/zeiss/knative-extension-sample-source/pkg/apis/bindings/v1alpha1/githubbinding_validation.go:35.78,37.41 2 4
github.com/zeiss/knative-extension-sample-source/pkg/apis/bindings/v1alpha1/githubbinding_validation.go:37.41,39.3 1 1
github.com/zeiss/knative-extension-sample-source/pkg/apis/bindings/v1alpha1/githubbinding_validation.go:39.8,40.46 1 3
github.com/zeiss/knative-extension-sample-source/pkg/apis/bindings/v1alpha1/githubbinding_validation.go:40.46,42.4 1 1
github.com/zeiss/knative-extension-sample-source/pkg/apis/bindings/v1alpha1/githubbinding_validation.go:43.3,43.45 1 3
github.com/zeiss/knative-extension-sample-source/pkg/apis/bindings/v1alpha1/githubbinding_validation.go:43.45,45.4 1 1
github.com/zeiss/knative-extension-sample-source/pkg/apis/bindings/v1alpha1/githubbinding_validation.go:47.2,47.12 1 4
github.com/zeiss/knative-extension-sample-source/pkg/apis/bindings/v1alpha1/register.go:31.41,33.2 1 1
github.com/zeiss/knative-extension-sample-source/pkg/apis/bindings/v1alpha1/register.go:36.53,38.2 1 1
github.com/zeiss/knative-extension-sample-source/pkg/apis/bindings/v1alpha1/register.go:46.50,53.2 3 1
github.com/zeiss/knative-extension-sample-source/pkg/apis/bindings/v1alpha1/zz_generated.deepcopy.go:30.59,37.2 6 0
github.com/zeiss/knative-extension-sample-source/pkg/apis/bindings/v1alpha1/zz_generated.deepcopy.go:40.52,41.15 1 0
github.com/zeiss/knative-extension-sample-source/pkg/apis/bindings/v1alpha1/zz_generated.deepcopy.go:41.15,43.3 1 0
github.com/zeiss/knative-extension-sample-source/pkg/apis/bindings/v1alpha1/zz_generated.deepcopy.go:44.2,46.12 3 0
github.com/zeiss/knative-extension-sample-source/pkg/apis/bindings/v1alpha1/zz_generated.deepcopy.go:50.58,51.34 1 0
github.com/zeiss/knative-extension-sample-source/pkg/apis/bindings/v1alpha1/zz_generated.deepcopy.go:51.34,53.3 1 0
github.com/zeiss/knative-extension-sample-source/pkg/apis/bindings/v1alpha1/zz_generated.deepcopy.go:54.2,54.12 1 0
github.com/zeiss/knative-extension-sample-source/pkg/apis/bindings/v1alpha1/zz_generated.deepcopy.go:58.67,62.21 4 0
github.com/zeiss/knative-extension-sample-source/pkg/apis/bindings/v1alpha1/zz_generated.deepcopy.go:62.21,65.22 3 0
github.com/zeiss/knative-extension-sample-source/pkg/apis/bindings/v1alpha1/zz_generated.deepcopy.go:65.22,67.4 1 0
github.com/zeiss/knative-extension-sample-source/pkg/apis/bindings/v1alpha1/zz_generated.deepcopy.go:69.2,69.8 1 0
github.com/zeiss/knative-extension-sample-source/pkg/apis/bindings/v1alpha1/zz_generated.deepcopy.go:73.60,74.15 1 0
github.com/zeiss/knative-extension-sample-source/pkg/apis/bindings/v1alpha1/zz_generated.deepcopy.go:74.15,76.3 1 0
github.com/zeiss/knative-extension-sample-source/pkg/apis/bindings/v1alpha1/zz_generated.deepcopy.go:77.2,79.12 3 0
github.com/zeiss/knative-extension-sample-source/pkg/apis/bindings/v1alpha1/zz_generated.deepcopy.go:83.62,84.34 1 0
github.com/zeiss/knative-extension-sample-source/pkg/apis/bindings/v1alpha1/zz_generated.deepcopy.go:84.34,86.3 1 0
github.com/zeiss/knative-extension-sample-source/pkg/apis/bindings/v1alpha1/zz_generated.deepcopy.go:87.2,87.12 1 0
github.com/zeiss/knative-extension-sample-source/pkg/apis/bindings/v1alpha1/zz_generated.deepcopy.go:91.67,96.2 4 0
github.com/zeiss/knative-extension-sample-source/pkg/apis/bindings/v1alpha1/zz_generated.deepcopy.go:99.60,100.15 1 0
github.com/zeiss/knative-extension-sample-source/pkg/apis/bindings/v1alpha1/zz_generated.deepcopy.go:100.15,102.3 1 0
github.com/zeiss/knative-extension-sample-source/pkg/apis/bindings/v1alpha1/zz_generated.deepcopy.go:103.2,105.12 3 0
github.com/zeiss/knative-extension-sample-source/pkg/apis/bindings/v1alpha1/zz_generated.deepcopy.go:109.71,113.2 3 0
github.com/zeiss/knative-extension-sample-source/pkg/apis/bindings/v1alpha1/zz_generated.deepcopy.go:116.64,117.15 1 0
github.com/zeiss/knative-extension-sample-source/pkg/apis/bindings/v1alpha1/zz_generated.deepcopy.go:117.15,119.3 1 0
github.com/zeiss/knative-extension-sample-source/pkg/apis/bindings/v1alpha1/zz_generated.deepcopy.go:120.2,122.12 3 0
github.com/zeiss/knative-extension-sample-source/pkg/apis/bindings/v1alpha1/zz_generated.deepcopy.go:126.75,128.28 2 0
github.com/zeiss/knative-extension-sample-source/pkg/apis/bindings/v1alpha1/zz_generated.deepcopy.go:128.28,132.3 3 0
github.com/zeiss/knative-extension-sample-source/pkg/apis/bindings/v1alpha1/zz_generated.deepcopy.go:133.2,133.8 1 0
github.com/zeiss/knative-extension-sample-source/pkg/apis/bindings/v1alpha1/zz_generated.deepcopy.go:137.68,138.15 1 0
github.com/zeiss/knative-extension-sample-source/pkg/apis/bindings/v1alpha1/zz_generated.deepcopy.go:138.15,140.3 1 0
github.com/zeiss/knative-extension-sample-source/pkg/apis/bindings/v1alpha1/zz_generated.deepcopy.go:141.2,143.12 3 0
github.com/zeiss/knative-extension-sample-source/pkg/apis/bindings/v1alpha1/zz_generated.defaults.go:31.53,33.2 1 0
github.com/zeiss/knative-extension-sample-source/pkg/apis/sources/v1alpha1/githubsource_defaults.go:23.57,25.2 1 1
github.com/zeiss/knative-extension-sample-source/pkg/apis/sources/v1alpha1/githubsource_defaults.go:27.63,29.2 0 1
github.com/zeiss/knative-extension-sample-source/pkg/apis/sources/v1alpha1/githubsource_types.go:112.49,114.2 1 0
github.com/zeiss/knative-extension-sample-source/pkg/apis/sources/v1alpha1/githubsource_types.go:118.52,120.2 1 0
github.com/zeiss/knative-extension-sample-source/pkg/apis/sources/v1alpha1/githubsource_types.go:170.68,172.2 1 1
github.com/zeiss/knative-extension-sample-source/pkg/apis/sources/v1alpha1/githubsource_types.go:175.58,177.2 1 1
github.com/zeiss/knative-extension-sample-source/pkg/apis/sources/v1alpha1/githubsource_types.go:180.51,182.2 1 1
github.com/zeiss/knative-extension-sample-source/pkg/apis/sources/v1alpha1/githubsource_types.go:185.81,187.2 1 11
github.com/zeiss/knative-extension-sample-source/pkg/apis/sources/v1alpha1/githubsource_types.go:190.45,192.2 1 11
github.com/zeiss/knative-extension-sample-source/pkg/apis/sources/v1alpha1/githubsource_types.go:195.53,197.2 1 20
github.com/zeiss/knative-extension-sample-source/pkg/apis/sources/v1alpha1/githubsource_types.go:200.44,202.2 1 15
github.com/zeiss/knative-extension-sample-source/pkg/apis/sources/v1alpha1/githubsource_types.go:205.99,207.2 1 2
github.com/zeiss/knative-extension-sample-source/pkg/apis/sources/v1alpha1/githubsource_types.go:210.54,212.16 2 16
github.com/zeiss/knative-extension-sample-source/pkg/apis/sources/v1alpha1/githubsource_types.go:212.16,214.3 1 12
github.com/zeiss/knative-extension-sample-source/pkg/apis/sources/v1alpha1/githubsource_types.go:214.8,217.3 1 4
github.com/zeiss/knative-extension-sample-source/pkg/apis/sources/v1alpha1/githubsource_types.go:221.96,223.2 1 2
github.com/zeiss/knative-extension-sample-source/pkg/apis/sources/v1alpha1/githubsource_types.go:226.54,228.2 1 13
github.com/zeiss/knative-extension-sample-source/pkg/apis/sources/v1alpha1/githubsource_types.go:231.110,233.2 1 2
github.com/zeiss/knative-extension-sample-source/pkg/apis/sources/v1alpha1/githubsource_validation.go:25.71,27.2 1 1
github.com/zeiss/knative-extension-sample-source/pkg/apis/sources/v1alpha1/githubsource_validation.go:29.76,38.2 3 1
github.com/zeiss/knative-extension-sample-source/pkg/apis/sources/v1alpha1/register.go:45.41,47.2 1 1
github.com/zeiss/knative-extension-sample-source/pkg/apis/sources/v1alpha1/register.go:50.53,52.2 1 1
github.com/zeiss/knative-extension-sample-source/pkg/apis/sources/v1alpha1/register.go:55.50,62.2 3 1
github.com/zeiss/knative-extension-sample-source/pkg/apis/sources/v1alpha1/zz_generated.deepcopy.go:30.57,37.2 6 0
github.com/zeiss/knative-extension-sample-source/pkg/apis/sources/v1alpha1/zz_generated.deepcopy.go:40.50,41.15 1 0
[...]
github.com/zeiss/knative-extension-sample-source/test/lib/listers.go:53.41,55.3 1 0
github.com/zeiss/knative-extension-sample-source/test/lib/listers.go:57.2,63.11 3 0
github.com/zeiss/knative-extension-sample-source/test/lib/listers.go:66.63,68.2 1 0
github.com/zeiss/knative-extension-sample-source/test/lib/listers.go:70.52,72.2 1 0
github.com/zeiss/knative-extension-sample-source/test/lib/listers.go:74.56,76.2 1 0
github.com/zeiss/knative-extension-sample-source/test/lib/listers.go:78.51,82.2 3 0
github.com/zeiss/knative-extension-sample-source/test/lib/listers.go:84.89,86.2 1 0
github.com/zeiss/knative-extension-sample-source/pkg/reconciler/binding/controller.go:51.20,61.102 6 0
github.com/zeiss/knative-extension-sample-source/pkg/reconciler/binding/controller.go:61.102,63.19 2 0
github.com/zeiss/knative-extension-sample-source/pkg/reconciler/binding/controller.go:63.19,65.6 1 0
github.com/zeiss/knative-extension-sample-source/pkg/reconciler/binding/controller.go:66.5,66.29 1 0
github.com/zeiss/knative-extension-sample-source/pkg/reconciler/binding/controller.go:66.29,71.6 1 0
github.com/zeiss/knative-extension-sample-source/pkg/reconciler/binding/controller.go:72.5,72.15 1 0
github.com/zeiss/knative-extension-sample-source/pkg/reconciler/binding/controller.go:76.72,78.4 1 0
github.com/zeiss/knative-extension-sample-source/pkg/reconciler/binding/controller.go:84.2,100.13 6 0
github.com/zeiss/knative-extension-sample-source/pkg/reconciler/binding/controller.go:103.89,109.46 3 0
github.com/zeiss/knative-extension-sample-source/pkg/reconciler/binding/controller.go:109.46,111.17 2 0
github.com/zeiss/knative-extension-sample-source/pkg/reconciler/binding/controller.go:111.17,113.4 1 0
github.com/zeiss/knative-extension-sample-source/pkg/reconciler/binding/controller.go:114.3,115.25 2 0
github.com/zeiss/knative-extension-sample-source/pkg/reconciler/binding/controller.go:115.25,117.4 1 0
github.com/zeiss/knative-extension-sample-source/pkg/reconciler/binding/controller.go:118.3,118.17 1 0
github.com/zeiss/knative-extension-sample-source/pkg/reconciler/source/resources/labels.go:25.44,30.2 1 0
github.com/zeiss/knative-extension-sample-source/pkg/reconciler/source/resources/service.go:39.49,92.2 4 0
github.com/zeiss/knative-extension-sample-source/test/lib/resources/github.go:34.110,41.24 2 0
github.com/zeiss/knative-extension-sample-source/test/lib/resources/github.go:41.24,43.3 1 0
github.com/zeiss/knative-extension-sample-source/test/lib/resources/github.go:44.2,45.10 2 0
github.com/zeiss/knative-extension-sample-source/test/lib/resources/github.go:48.80,55.2 1 0
github.com/zeiss/knative-extension-sample-source/test/lib/resources/github.go:57.85,58.40 1 0
github.com/zeiss/knative-extension-sample-source/test/lib/resources/github.go:58.40,60.3 1 0
github.com/zeiss/knative-extension-sample-source/test/lib/resources/github.go:63.85,64.40 1 0
github.com/zeiss/knative-extension-sample-source/test/lib/resources/github.go:64.40,66.3 1 0
github.com/zeiss/knative-extension-sample-source/test/lib/resources/github.go:69.94,70.40 1 0
github.com/zeiss/knative-extension-sample-source/test/lib/resources/github.go:70.40,72.3 1 0
github.com/zeiss/knative-extension-sample-source/test/lib/resources/github.go:75.67,77.2 1 0
github.com/zeiss/knative-extension-sample-source/test/lib/resources/github.go:79.63,81.2 1 0
github.com/zeiss/knative-extension-sample-source/test/lib/resources/github.go:83.77,84.40 1 0
github.com/zeiss/knative-extension-sample-source/test/lib/resources/github.go:84.40,86.3 1 0
github.com/zeiss/knative-extension-sample-source/test/lib/resources/github.go:89.74,91.2 1 0
github.com/zeiss/knative-extension-sample-source/pkg/reconciler/source/controller.go:54.79,56.51 2 0
github.com/zeiss/knative-extension-sample-source/pkg/reconciler/source/controller.go:56.51,58.3 1 0
github.com/zeiss/knative-extension-sample-source/pkg/reconciler/source/controller.go:60.2,77.33 7 0
github.com/zeiss/knative-extension-sample-source/pkg/reconciler/source/controller.go:77.33,88.3 2 0
github.com/zeiss/knative-extension-sample-source/pkg/reconciler/source/controller.go:88.8,94.3 1 0
github.com/zeiss/knative-extension-sample-source/pkg/reconciler/source/controller.go:96.2,96.13 1 0
github.com/zeiss/knative-extension-sample-source/pkg/reconciler/source/controller.go:99.13,101.2 1 1
github.com/zeiss/knative-extension-sample-source/pkg/reconciler/source/fake_webhook_client.go:23.43,25.2 1 1
github.com/zeiss/knative-extension-sample-source/pkg/reconciler/source/fake_webhook_client.go:29.138,31.2 1 1
github.com/zeiss/knative-extension-sample-source/pkg/reconciler/source/fake_webhook_client.go:33.139,35.2 1 1
github.com/zeiss/knative-extension-sample-source/pkg/reconciler/source/fake_webhook_client.go:37.136,39.2 1 1
github.com/zeiss/knative-extension-sample-source/pkg/reconciler/source/githubsource.go:94.115,98.16 3 0
github.com/zeiss/knative-extension-sample-source/pkg/reconciler/source/githubsource.go:98.16,101.3 2 0
github.com/zeiss/knative-extension-sample-source/pkg/reconciler/source/githubsource.go:102.2,103.16 2 0
github.com/zeiss/knative-extension-sample-source/pkg/reconciler/source/githubsource.go:103.16,106.3 2 0
github.com/zeiss/knative-extension-sample-source/pkg/reconciler/source/githubsource.go:107.2,110.21 3 0
github.com/zeiss/knative-extension-sample-source/pkg/reconciler/source/githubsource.go:110.21,114.31 1 0
github.com/zeiss/knative-extension-sample-source/pkg/reconciler/source/githubsource.go:114.31,116.4 1 0
github.com/zeiss/knative-extension-sample-source/pkg/reconciler/source/githubsource.go:119.2,120.16 2 0
github.com/zeiss/knative-extension-sample-source/pkg/reconciler/source/githubsource.go:120.16,123.3 2 0
github.com/zeiss/knative-extension-sample-source/pkg/reconciler/source/githubsource.go:125.2,128.16 3 0
github.com/zeiss/knative-extension-sample-source/pkg/reconciler/source/githubsource.go:128.16,131.3 2 0
github.com/zeiss/knative-extension-sample-source/pkg/reconciler/source/githubsource.go:133.2,133.86 1 0
github.com/zeiss/knative-extension-sample-source/pkg/reconciler/source/githubsource.go:133.86,135.34 2 0
github.com/zeiss/knative-extension-sample-source/pkg/reconciler/source/githubsource.go:135.34,137.4 1 0
github.com/zeiss/knative-extension-sample-source/pkg/reconciler/source/githubsource.go:139.3,149.39 2 0
github.com/zeiss/knative-extension-sample-source/pkg/reconciler/source/githubsource.go:149.39,151.18 2 0
github.com/zeiss/knative-extension-sample-source/pkg/reconciler/source/githubsource.go:151.18,154.5 2 0
github.com/zeiss/knative-extension-sample-source/pkg/reconciler/source/githubsource.go:155.4,155.39 1 0
github.com/zeiss/knative-extension-sample-source/pkg/reconciler/source/githubsource.go:156.9,158.18 2 0
github.com/zeiss/knative-extension-sample-source/pkg/reconciler/source/githubsource.go:158.18,161.5 2 0
github.com/zeiss/knative-extension-sample-source/pkg/reconciler/source/githubsource.go:163.3,163.40 1 0
github.com/zeiss/knative-extension-sample-source/pkg/reconciler/source/githubsource.go:165.2,167.12 3 0
github.com/zeiss/knative-extension-sample-source/pkg/reconciler/source/githubsource.go:170.114,172.38 1 0
github.com/zeiss/knative-extension-sample-source/pkg/reconciler/source/githubsource.go:172.38,175.32 2 0
github.com/zeiss/knative-extension-sample-source/pkg/reconciler/source/githubsource.go:175.32,181.4 3 0
github.com/zeiss/knative-extension-sample-source/pkg/reconciler/source/githubsource.go:181.9,181.24 1 0
github.com/zeiss/knative-extension-sample-source/pkg/reconciler/source/githubsource.go:181.24,185.4 2 0
github.com/zeiss/knative-extension-sample-source/pkg/reconciler/source/githubsource.go:187.3,196.29 4 0
github.com/zeiss/knative-extension-sample-source/pkg/reconciler/source/githubsource.go:196.29,197.56 1 0
github.com/zeiss/knative-extension-sample-source/pkg/reconciler/source/githubsource.go:197.56,201.5 2 0
github.com/zeiss/knative-extension-sample-source/pkg/reconciler/source/githubsource.go:202.9,206.4 2 0
github.com/zeiss/knative-extension-sample-source/pkg/reconciler/source/githubsource.go:208.3,208.34 1 0
github.com/zeiss/knative-extension-sample-source/pkg/reconciler/source/githubsource.go:210.2,210.12 1 0
github.com/zeiss/knative-extension-sample-source/pkg/reconciler/source/githubsource.go:213.126,214.33 1 0
github.com/zeiss/knative-extension-sample-source/pkg/reconciler/source/githubsource.go:214.33,217.32 2 0
github.com/zeiss/knative-extension-sample-source/pkg/reconciler/source/githubsource.go:217.32,223.18 3 0
github.com/zeiss/knative-extension-sample-source/pkg/reconciler/source/githubsource.go:223.18,225.5 1 0
github.com/zeiss/knative-extension-sample-source/pkg/reconciler/source/githubsource.go:226.4,226.126 1 0
github.com/zeiss/knative-extension-sample-source/pkg/reconciler/source/githubsource.go:229.9,229.24 1 0
github.com/zeiss/knative-extension-sample-source/pkg/reconciler/source/githubsource.go:229.24,232.4 1 0
github.com/zeiss/knative-extension-sample-source/pkg/reconciler/source/githubsource.go:232.9,232.50 1 0
github.com/zeiss/knative-extension-sample-source/pkg/reconciler/source/githubsource.go:232.50,234.4 1 0
github.com/zeiss/knative-extension-sample-source/pkg/reconciler/source/githubsource.go:235.3,235.19 1 0
github.com/zeiss/knative-extension-sample-source/pkg/reconciler/source/githubsource.go:238.2,239.16 2 0
github.com/zeiss/knative-extension-sample-source/pkg/reconciler/source/githubsource.go:239.16,241.3 1 0
github.com/zeiss/knative-extension-sample-source/pkg/reconciler/source/githubsource.go:244.2,250.18 2 0
github.com/zeiss/knative-extension-sample-source/pkg/reconciler/source/githubsource.go:253.92,259.16 4 0
github.com/zeiss/knative-extension-sample-source/pkg/reconciler/source/githubsource.go:259.16,261.3 1 0
github.com/zeiss/knative-extension-sample-source/pkg/reconciler/source/githubsource.go:263.2,264.55 2 0
github.com/zeiss/knative-extension-sample-source/pkg/reconciler/source/githubsource.go:264.55,269.31 3 0
github.com/zeiss/knative-extension-sample-source/pkg/reconciler/source/githubsource.go:269.31,271.4 1 0
github.com/zeiss/knative-extension-sample-source/pkg/reconciler/source/githubsource.go:271.9,273.4 1 0
github.com/zeiss/knative-extension-sample-source/pkg/reconciler/source/githubsource.go:276.2,286.16 3 0
github.com/zeiss/knative-extension-sample-source/pkg/reconciler/source/githubsource.go:286.16,288.3 1 0
github.com/zeiss/knative-extension-sample-source/pkg/reconciler/source/githubsource.go:289.2,289.20 1 0
github.com/zeiss/knative-extension-sample-source/pkg/reconciler/source/githubsource.go:292.100,298.16 4 0
github.com/zeiss/knative-extension-sample-source/pkg/reconciler/source/githubsource.go:298.16,300.3 1 0
github.com/zeiss/knative-extension-sample-source/pkg/reconciler/source/githubsource.go:302.2,303.55 2 0
github.com/zeiss/knative-extension-sample-source/pkg/reconciler/source/githubsource.go:303.55,308.31 3 0
github.com/zeiss/knative-extension-sample-source/pkg/reconciler/source/githubsource.go:308.31,310.4 1 0
github.com/zeiss/knative-extension-sample-source/pkg/reconciler/source/githubsource.go:310.9,312.4 1 0
github.com/zeiss/knative-extension-sample-source/pkg/reconciler/source/githubsource.go:315.2,324.104 2 0
github.com/zeiss/knative-extension-sample-source/pkg/reconciler/source/githubsource.go:324.104,326.3 1 0
github.com/zeiss/knative-extension-sample-source/pkg/reconciler/source/githubsource.go:327.2,327.12 1 0
github.com/zeiss/knative-extension-sample-source/pkg/reconciler/source/githubsource.go:330.82,336.16 4 0
github.com/zeiss/knative-extension-sample-source/pkg/reconciler/source/githubsource.go:336.16,338.3 1 0
github.com/zeiss/knative-extension-sample-source/pkg/reconciler/source/githubsource.go:340.2,347.16 3 0
github.com/zeiss/knative-extension-sample-source/pkg/reconciler/source/githubsource.go:347.16,349.3 1 0
github.com/zeiss/knative-extension-sample-source/pkg/reconciler/source/githubsource.go:350.2,350.12 1 0
github.com/zeiss/knative-extension-sample-source/pkg/reconciler/source/githubsource.go:353.133,355.16 2 0
github.com/zeiss/knative-extension-sample-source/pkg/reconciler/source/githubsource.go:355.16,357.3 1 0
github.com/zeiss/knative-extension-sample-source/pkg/reconciler/source/githubsource.go:358.2,359.9 2 0
github.com/zeiss/knative-extension-sample-source/pkg/reconciler/source/githubsource.go:359.9,361.3 1 0
github.com/zeiss/knative-extension-sample-source/pkg/reconciler/source/githubsource.go:362.2,362.31 1 0
github.com/zeiss/knative-extension-sample-source/pkg/reconciler/source/githubsource.go:365.76,367.25 2 0
github.com/zeiss/knative-extension-sample-source/pkg/reconciler/source/githubsource.go:367.25,369.3 1 0
github.com/zeiss/knative-extension-sample-source/pkg/reconciler/source/githubsource.go:370.2,371.44 2 0
github.com/zeiss/knative-extension-sample-source/pkg/reconciler/source/githubsource.go:371.44,373.3 1 0
github.com/zeiss/knative-extension-sample-source/pkg/reconciler/source/githubsource.go:374.2,375.25 2 0
github.com/zeiss/knative-extension-sample-source/pkg/reconciler/source/githubsource.go:375.25,377.3 1 0
github.com/zeiss/knative-extension-sample-source/pkg/reconciler/source/githubsource.go:379.2,379.25 1 0
github.com/zeiss/knative-extension-sample-source/pkg/reconciler/source/githubsource.go:382.118,384.16 2 0
github.com/zeiss/knative-extension-sample-source/pkg/reconciler/source/githubsource.go:384.16,386.3 1 0
github.com/zeiss/knative-extension-sample-source/pkg/reconciler/source/githubsource.go:387.2,387.35 1 0
github.com/zeiss/knative-extension-sample-source/pkg/reconciler/source/githubsource.go:387.35,388.42 1 0
github.com/zeiss/knative-extension-sample-source/pkg/reconciler/source/githubsource.go:388.42,391.4 1 0
github.com/zeiss/knative-extension-sample-source/pkg/reconciler/source/githubsource.go:393.2,393.64 1 0
github.com/zeiss/knative-extension-sample-source/pkg/reconciler/source/githubsource.go:396.114,398.45 2 0
github.com/zeiss/knative-extension-sample-source/pkg/reconciler/source/githubsource.go:398.45,403.3 1 0
github.com/zeiss/knative-extension-sample-source/pkg/reconciler/source/githubsource.go:404.2,404.21 1 0
github.com/zeiss/knative-extension-sample-source/pkg/reconciler/source/webhook_client.go:48.134,53.33 4 0
github.com/zeiss/knative-extension-sample-source/pkg/reconciler/source/webhook_client.go:53.33,56.17 2 0
github.com/zeiss/knative-extension-sample-source/pkg/reconciler/source/webhook_client.go:56.17,59.4 2 0
github.com/zeiss/knative-extension-sample-source/pkg/reconciler/source/webhook_client.go:62.2,66.24 4 0
github.com/zeiss/knative-extension-sample-source/pkg/reconciler/source/webhook_client.go:66.24,68.3 1 0
github.com/zeiss/knative-extension-sample-source/pkg/reconciler/source/webhook_client.go:68.8,70.3 1 0
github.com/zeiss/knative-extension-sample-source/pkg/reconciler/source/webhook_client.go:71.2,71.16 1 0
github.com/zeiss/knative-extension-sample-source/pkg/reconciler/source/webhook_client.go:71.16,74.3 2 0
github.com/zeiss/knative-extension-sample-source/pkg/reconciler/source/webhook_client.go:75.2,77.42 2 0
github.com/zeiss/knative-extension-sample-source/pkg/reconciler/source/webhook_client.go:80.135,85.33 4 0
github.com/zeiss/knative-extension-sample-source/pkg/reconciler/source/webhook_client.go:85.33,88.17 2 0
github.com/zeiss/knative-extension-sample-source/pkg/reconciler/source/webhook_client.go:88.17,91.4 2 0
github.com/zeiss/knative-extension-sample-source/pkg/reconciler/source/webhook_client.go:94.2,97.16 3 0
github.com/zeiss/knative-extension-sample-source/pkg/reconciler/source/webhook_client.go:97.16,99.3 1 0
github.com/zeiss/knative-extension-sample-source/pkg/reconciler/source/webhook_client.go:105.2,107.24 3 0
github.com/zeiss/knative-extension-sample-source/pkg/reconciler/source/webhook_client.go:107.24,109.3 1 0
github.com/zeiss/knative-extension-sample-source/pkg/reconciler/source/webhook_client.go:109.8,111.3 1 0
github.com/zeiss/knative-extension-sample-source/pkg/reconciler/source/webhook_client.go:112.2,112.16 1 0
github.com/zeiss/knative-extension-sample-source/pkg/reconciler/source/webhook_client.go:112.16,115.3 2 0
github.com/zeiss/knative-extension-sample-source/pkg/reconciler/source/webhook_client.go:116.2,118.12 2 0
github.com/zeiss/knative-extension-sample-source/pkg/reconciler/source/webhook_client.go:121.132,125.16 3 0
github.com/zeiss/knative-extension-sample-source/pkg/reconciler/source/webhook_client.go:125.16,127.3 1 0
github.com/zeiss/knative-extension-sample-source/pkg/reconciler/source/webhook_client.go:129.2,130.33 2 0
github.com/zeiss/knative-extension-sample-source/pkg/reconciler/source/webhook_client.go:130.33,132.17 2 0
github.com/zeiss/knative-extension-sample-source/pkg/reconciler/source/webhook_client.go:132.17,135.4 2 0
github.com/zeiss/knative-extension-sample-source/pkg/reconciler/source/webhook_client.go:138.2,141.24 3 0
github.com/zeiss/knative-extension-sample-source/pkg/reconciler/source/webhook_client.go:141.24,143.3 1 0
github.com/zeiss/knative-extension-sample-source/pkg/reconciler/source/webhook_client.go:143.8,145.3 1 0
github.com/zeiss/knative-extension-sample-source/pkg/reconciler/source/webhook_client.go:146.2,146.16 1 0
github.com/zeiss/knative-extension-sample-source/pkg/reconciler/source/webhook_client.go:146.16,149.3 2 0
github.com/zeiss/knative-extension-sample-source/pkg/reconciler/source/webhook_client.go:151.2,152.12 2 0
github.com/zeiss/knative-extension-sample-source/pkg/reconciler/source/webhook_client.go:155.117,162.2 3 0
github.com/zeiss/knative-extension-sample-source/pkg/reconciler/source/webhook_client.go:164.106,169.24 4 0
github.com/zeiss/knative-extension-sample-source/pkg/reconciler/source/webhook_client.go:169.24,173.3 3 0
github.com/zeiss/knative-extension-sample-source/pkg/reconciler/source/webhook_client.go:174.2,184.13 4 0
github.com/zeiss/knative-extension-sample-source/pkg/mtadapter/router/router.go:47.54,52.2 1 1
github.com/zeiss/knative-extension-sample-source/pkg/mtadapter/router/router.go:55.68,61.8 4 3
github.com/zeiss/knative-extension-sample-source/pkg/mtadapter/router/router.go:61.8,64.17 2 2
github.com/zeiss/knative-extension-sample-source/pkg/mtadapter/router/router.go:64.17,67.4 2 1
github.com/zeiss/knative-extension-sample-source/pkg/mtadapter/router/router.go:69.3,69.27 1 1
github.com/zeiss/knative-extension-sample-source/pkg/mtadapter/router/router.go:71.2,71.40 1 2
github.com/zeiss/knative-extension-sample-source/pkg/mtadapter/router/router.go:75.79,83.2 3 2
github.com/zeiss/knative-extension-sample-source/pkg/mtadapter/router/router.go:86.42,90.2 3 1
github.com/zeiss/knative-extension-sample-source/pkg/mtadapter/adapter.go:50.47,52.2 1 0
github.com/zeiss/knative-extension-sample-source/pkg/mtadapter/adapter.go:73.120,85.2 2 35
github.com/zeiss/knative-extension-sample-source/pkg/mtadapter/adapter.go:88.58,101.79 5 1
github.com/zeiss/knative-extension-sample-source/pkg/mtadapter/adapter.go:101.79,103.3 1 0
github.com/zeiss/knative-extension-sample-source/pkg/mtadapter/adapter.go:105.2,107.12 3 1
github.com/zeiss/knative-extension-sample-source/pkg/mtadapter/adapter.go:111.99,114.16 3 2
github.com/zeiss/knative-extension-sample-source/pkg/mtadapter/adapter.go:114.16,116.3 1 1
github.com/zeiss/knative-extension-sample-source/pkg/mtadapter/adapter.go:118.2,125.12 6 1
github.com/zeiss/knative-extension-sample-source/pkg/mtadapter/controller.go:41.68,42.71 1 1
github.com/zeiss/knative-extension-sample-source/pkg/mtadapter/controller.go:42.71,56.3 6 1
github.com/zeiss/knative-extension-sample-source/pkg/mtadapter/controller.go:61.60,62.56 1 1
github.com/zeiss/knative-extension-sample-source/pkg/mtadapter/controller.go:62.56,67.3 1 1
github.com/zeiss/knative-extension-sample-source/pkg/mtadapter/githubsource.go:41.102,42.27 1 3
github.com/zeiss/knative-extension-sample-source/pkg/mtadapter/githubsource.go:42.27,48.3 1 1
github.com/zeiss/knative-extension-sample-source/pkg/mtadapter/githubsource.go:50.2,50.49 1 2
